  [1m[35m (355.5ms)[0m  [1m[35mCREATE DATABASE "Todos_development" ENCODING = 'unicode'[0m
  ↳ bin/rails:9
  [1m[35m (249.4ms)[0m  [1m[35mCREATE DATABASE "Todos_test" ENCODING = 'unicode'[0m
  ↳ bin/rails:9
  [1m[35m (11.8ms)[0m  [1m[35mCREATE TABLE "schema_migrations" ("version" character varying NOT NULL PRIMARY KEY)[0m
  ↳ bin/rails:9
  [1m[35m (4.1ms)[0m  [1m[35mCREATE TABLE "ar_internal_metadata" ("key" character varying NOT NULL PRIMARY KEY, "value" character varying, "created_at" timestamp NOT NULL, "updated_at" timestamp NOT NULL)[0m
  ↳ bin/rails:9
  [1m[35m (1.2ms)[0m  [1m[34mSELECT pg_try_advisory_lock(6332679603831330120)[0m
  ↳ bin/rails:9
  [1m[35m (0.8ms)[0m  [1m[34mSELECT "schema_migrations"."version" FROM "schema_migrations" ORDER BY "schema_migrations"."version" ASC[0m
  ↳ bin/rails:9
Migrating to CreateTodos (20191220192232)
  [1m[35m (0.2ms)[0m  [1m[35mBEGIN[0m
  ↳ bin/rails:9
  [1m[35m (8.4ms)[0m  [1m[35mCREATE TABLE "todos" ("id" bigserial primary key, "title" character varying NOT NULL, "body" character varying NOT NULL, "done" boolean NOT NULL, "created_at" timestamp NOT NULL, "updated_at" timestamp NOT NULL)[0m
  ↳ db/migrate/20191220192232_create_todos.rb:3
  [1m[35m (2.1ms)[0m  [1m[35mCREATE  INDEX  "index_todos_on_title" ON "todos"  ("title")[0m
  ↳ db/migrate/20191220192232_create_todos.rb:10
  [1m[36mActiveRecord::SchemaMigration Create (1.4ms)[0m  [1m[32mINSERT INTO "schema_migrations" ("version") VALUES ($1) RETURNING "version"[0m  [["version", "20191220192232"]]
  ↳ bin/rails:9
  [1m[35m (0.5ms)[0m  [1m[35mCOMMIT[0m
  ↳ bin/rails:9
  [1m[36mActiveRecord::InternalMetadata Load (0.6ms)[0m  [1m[34mSELECT  "ar_internal_metadata".* FROM "ar_internal_metadata" WHERE "ar_internal_metadata"."key" = $1 LIMIT $2[0m  [["key", "environment"], ["LIMIT", 1]]
  ↳ bin/rails:9
  [1m[35m (0.2ms)[0m  [1m[35mBEGIN[0m
  ↳ bin/rails:9
  [1m[36mActiveRecord::InternalMetadata Create (1.5ms)[0m  [1m[32mINSERT INTO "ar_internal_metadata" ("key", "value", "created_at", "updated_at") VALUES ($1, $2, $3, $4) RETURNING "key"[0m  [["key", "environment"], ["value", "development"], ["created_at", "2019-12-20 19:28:05.578827"], ["updated_at", "2019-12-20 19:28:05.578827"]]
  ↳ bin/rails:9
  [1m[35m (0.4ms)[0m  [1m[35mCOMMIT[0m
  ↳ bin/rails:9
  [1m[35m (0.3ms)[0m  [1m[34mSELECT pg_advisory_unlock(6332679603831330120)[0m
  ↳ bin/rails:9
  [1m[35m (0.6ms)[0m  [1m[34mSELECT "schema_migrations"."version" FROM "schema_migrations" ORDER BY "schema_migrations"."version" ASC[0m
  ↳ bin/rails:9
  [1m[35m (0.4ms)[0m  [1m[35mBEGIN[0m
  [1m[35m (0.4ms)[0m  [1m[31mROLLBACK[0m
  [1m[35m (0.3ms)[0m  [1m[35mBEGIN[0m
  [1m[36mTodo Create (1.6ms)[0m  [1m[32mINSERT INTO "todos" ("title", "body", "done", "created_at", "updated_at") VALUES ($1, $2, $3, $4, $5) RETURNING "id"[0m  [["title", "whatever"], ["body", "do it"], ["done", false], ["created_at", "2019-12-20 19:36:41.545533"], ["updated_at", "2019-12-20 19:36:41.545533"]]
  [1m[35m (1.1ms)[0m  [1m[35mCOMMIT[0m
  [1m[36mTodo Load (0.7ms)[0m  [1m[34mSELECT "todos".* FROM "todos"[0m
  [1m[35m (1.2ms)[0m  [1m[34mSELECT "schema_migrations"."version" FROM "schema_migrations" ORDER BY "schema_migrations"."version" ASC[0m
  ↳ bin/rails:9
  [1m[35m (0.2ms)[0m  [1m[35mBEGIN[0m
  ↳ db/seeds.rb:9
  [1m[36mTodo Load (0.8ms)[0m  [1m[34mSELECT "todos".* FROM "todos"[0m
  ↳ db/seeds.rb:10
  [1m[36mTodo Destroy (1.9ms)[0m  [1m[31mDELETE FROM "todos" WHERE "todos"."id" = $1[0m  [["id", 1]]
  ↳ db/seeds.rb:10
  [1m[36mTodo Create (1.0ms)[0m  [1m[32mINSERT INTO "todos" ("title", "body", "done", "created_at", "updated_at") VALUES ($1, $2, $3, $4, $5) RETURNING "id"[0m  [["title", "groceries"], ["body", "stuff1"], ["done", false], ["created_at", "2019-12-20 19:53:14.689538"], ["updated_at", "2019-12-20 19:53:14.689538"]]
  ↳ db/seeds.rb:14
  [1m[36mTodo Create (0.4ms)[0m  [1m[32mINSERT INTO "todos" ("title", "body", "done", "created_at", "updated_at") VALUES ($1, $2, $3, $4, $5) RETURNING "id"[0m  [["title", "laundry"], ["body", "stuff2"], ["done", false], ["created_at", "2019-12-20 19:53:14.691878"], ["updated_at", "2019-12-20 19:53:14.691878"]]
  ↳ db/seeds.rb:14
  [1m[36mTodo Create (0.3ms)[0m  [1m[32mINSERT INTO "todos" ("title", "body", "done", "created_at", "updated_at") VALUES ($1, $2, $3, $4, $5) RETURNING "id"[0m  [["title", "car wash"], ["body", "stuff3"], ["done", false], ["created_at", "2019-12-20 19:53:14.693277"], ["updated_at", "2019-12-20 19:53:14.693277"]]
  ↳ db/seeds.rb:14
  [1m[36mTodo Create (0.3ms)[0m  [1m[32mINSERT INTO "todos" ("title", "body", "done", "created_at", "updated_at") VALUES ($1, $2, $3, $4, $5) RETURNING "id"[0m  [["title", "dinner date"], ["body", "stuff4"], ["done", false], ["created_at", "2019-12-20 19:53:14.694507"], ["updated_at", "2019-12-20 19:53:14.694507"]]
  ↳ db/seeds.rb:14
  [1m[36mTodo Create (0.3ms)[0m  [1m[32mINSERT INTO "todos" ("title", "body", "done", "created_at", "updated_at") VALUES ($1, $2, $3, $4, $5) RETURNING "id"[0m  [["title", "wipedown"], ["body", "stuff5"], ["done", false], ["created_at", "2019-12-20 19:53:14.695692"], ["updated_at", "2019-12-20 19:53:14.695692"]]
  ↳ db/seeds.rb:14
  [1m[35m (0.6ms)[0m  [1m[35mCOMMIT[0m
  ↳ db/seeds.rb:9
  [1m[36mTodo Load (0.9ms)[0m  [1m[34mSELECT "todos".* FROM "todos"[0m
Started GET "/" for ::1 at 2019-12-20 11:54:31 -0800
  [1m[35m (1.1ms)[0m  [1m[34mSELECT "schema_migrations"."version" FROM "schema_migrations" ORDER BY "schema_migrations"."version" ASC[0m
  ↳ /Users/appacademy/.rbenv/versions/2.5.1/lib/ruby/gems/2.5.0/gems/activerecord-5.2.4.1/lib/active_record/log_subscriber.rb:98
Processing by StaticPagesController#root as HTML
  Rendering static_pages/root.html.erb within layouts/application
  Rendered static_pages/root.html.erb within layouts/application (1.9ms)
Completed 500 Internal Server Error in 304ms (ActiveRecord: 0.0ms)



Sprockets::FileNotFound - couldn't find file 'jquery-rails' with type 'application/javascript'
Checked in these paths: 
  /Users/appacademy/Desktop/Todos2/Todos/app/assets/config
  /Users/appacademy/Desktop/Todos2/Todos/app/assets/images
  /Users/appacademy/Desktop/Todos2/Todos/app/assets/javascripts
  /Users/appacademy/Desktop/Todos2/Todos/app/assets/stylesheets
  /Users/appacademy/.rbenv/versions/2.5.1/lib/ruby/gems/2.5.0/gems/coffee-rails-4.2.2/lib/assets/javascripts
  /Users/appacademy/.rbenv/versions/2.5.1/lib/ruby/gems/2.5.0/gems/jquery-rails-4.3.5/vendor/assets/javascripts
  /Users/appacademy/.rbenv/versions/2.5.1/lib/ruby/gems/2.5.0/gems/actioncable-5.2.4.1/lib/assets/compiled
  /Users/appacademy/.rbenv/versions/2.5.1/lib/ruby/gems/2.5.0/gems/activestorage-5.2.4.1/app/assets/javascripts
  /Users/appacademy/.rbenv/versions/2.5.1/lib/ruby/gems/2.5.0/gems/actionview-5.2.4.1/lib/assets/compiled
  /Users/appacademy/Desktop/Todos2/Todos/node_modules:
  app/views/layouts/application.html.erb:8:in `_app_views_layouts_application_html_erb___262432679453537168_70128921173400'

Started POST "/__better_errors/91a83780b8aa25d2/variables" for ::1 at 2019-12-20 11:54:31 -0800
Started GET "/" for ::1 at 2019-12-20 11:57:08 -0800
  [1m[35m (2.4ms)[0m  [1m[34mSELECT "schema_migrations"."version" FROM "schema_migrations" ORDER BY "schema_migrations"."version" ASC[0m
  ↳ /Users/appacademy/.rbenv/versions/2.5.1/lib/ruby/gems/2.5.0/gems/activerecord-5.2.4.1/lib/active_record/log_subscriber.rb:98
Processing by StaticPagesController#root as HTML
  Rendering static_pages/root.html.erb within layouts/application
  Rendered static_pages/root.html.erb within layouts/application (2.8ms)
Completed 200 OK in 924ms (Views: 921.1ms | ActiveRecord: 0.0ms)


Started GET "/api/todos" for ::1 at 2019-12-20 11:57:51 -0800
Processing by Api::TodosController#index as JSON
  [1m[36mTodo Load (1.2ms)[0m  [1m[34mSELECT "todos".* FROM "todos"[0m
  ↳ app/controllers/api/todos_controller.rb:8
Completed 200 OK in 33ms (Views: 16.1ms | ActiveRecord: 12.8ms)


Started GET "/" for ::1 at 2019-12-20 12:03:45 -0800
Processing by StaticPagesController#root as HTML
  Rendering static_pages/root.html.erb within layouts/application
  Rendered static_pages/root.html.erb within layouts/application (0.7ms)
Completed 200 OK in 929ms (Views: 926.0ms | ActiveRecord: 0.0ms)


Started GET "/" for ::1 at 2019-12-20 12:04:16 -0800
Processing by StaticPagesController#root as HTML
  Rendering static_pages/root.html.erb within layouts/application
  Rendered static_pages/root.html.erb within layouts/application (0.3ms)
Completed 200 OK in 972ms (Views: 969.7ms | ActiveRecord: 0.0ms)


Started GET "/" for ::1 at 2019-12-20 12:06:15 -0800
Processing by StaticPagesController#root as HTML
  Rendering static_pages/root.html.erb within layouts/application
  Rendered static_pages/root.html.erb within layouts/application (0.5ms)
Completed 200 OK in 49ms (Views: 45.3ms | ActiveRecord: 0.0ms)


Started GET "/" for ::1 at 2019-12-20 12:10:20 -0800
Processing by StaticPagesController#root as HTML
  Rendering static_pages/root.html.erb within layouts/application
  Rendered static_pages/root.html.erb within layouts/application (0.6ms)
Completed 200 OK in 920ms (Views: 916.6ms | ActiveRecord: 0.0ms)


Started GET "/api/todos" for ::1 at 2019-12-20 12:10:30 -0800
Processing by Api::TodosController#index as JSON
  [1m[36mTodo Load (1.3ms)[0m  [1m[34mSELECT "todos".* FROM "todos"[0m
  ↳ app/controllers/api/todos_controller.rb:8
Completed 200 OK in 4ms (Views: 2.6ms | ActiveRecord: 1.3ms)


Started GET "/api/todos" for ::1 at 2019-12-20 12:11:24 -0800
Processing by Api::TodosController#index as JSON
  [1m[36mTodo Load (2.0ms)[0m  [1m[34mSELECT "todos".* FROM "todos"[0m
  ↳ app/controllers/api/todos_controller.rb:8
Completed 200 OK in 5ms (Views: 2.9ms | ActiveRecord: 2.0ms)


Started GET "/api/todos" for ::1 at 2019-12-20 12:11:42 -0800
Processing by Api::TodosController#index as JSON
  [1m[36mTodo Load (0.7ms)[0m  [1m[34mSELECT "todos".* FROM "todos"[0m
  ↳ app/controllers/api/todos_controller.rb:8
Completed 200 OK in 5ms (Views: 3.5ms | ActiveRecord: 0.7ms)


Started GET "/api/todos" for ::1 at 2019-12-20 12:11:55 -0800
Processing by Api::TodosController#index as JSON
  [1m[36mTodo Load (0.6ms)[0m  [1m[34mSELECT "todos".* FROM "todos"[0m
  ↳ app/controllers/api/todos_controller.rb:8
Completed 200 OK in 4ms (Views: 3.0ms | ActiveRecord: 0.6ms)


Started GET "/" for ::1 at 2019-12-20 13:39:34 -0800
  [1m[35m (1.1ms)[0m  [1m[34mSELECT "schema_migrations"."version" FROM "schema_migrations" ORDER BY "schema_migrations"."version" ASC[0m
  ↳ /Users/appacademy/.rbenv/versions/2.5.1/lib/ruby/gems/2.5.0/gems/activerecord-5.2.4.1/lib/active_record/log_subscriber.rb:98
Processing by StaticPagesController#root as HTML
  Rendering static_pages/root.html.erb within layouts/application
  Rendered static_pages/root.html.erb within layouts/application (1.2ms)
Completed 200 OK in 1580ms (Views: 1577.3ms | ActiveRecord: 0.0ms)


Started GET "/" for ::1 at 2019-12-20 13:43:57 -0800
Processing by StaticPagesController#root as HTML
  Rendering static_pages/root.html.erb within layouts/application
  Rendered static_pages/root.html.erb within layouts/application (0.6ms)
Completed 200 OK in 43ms (Views: 41.0ms | ActiveRecord: 0.0ms)


Started GET "/" for ::1 at 2019-12-20 13:44:28 -0800
Processing by StaticPagesController#root as HTML
  Rendering static_pages/root.html.erb within layouts/application
  Rendered static_pages/root.html.erb within layouts/application (0.5ms)
Completed 200 OK in 53ms (Views: 49.9ms | ActiveRecord: 0.0ms)


Started GET "/" for ::1 at 2019-12-20 13:49:06 -0800
Processing by StaticPagesController#root as HTML
  Rendering static_pages/root.html.erb within layouts/application
  Rendered static_pages/root.html.erb within layouts/application (0.5ms)
Completed 200 OK in 45ms (Views: 42.5ms | ActiveRecord: 0.0ms)


Started GET "/" for ::1 at 2019-12-20 13:49:50 -0800
  [1m[35m (1.1ms)[0m  [1m[34mSELECT "schema_migrations"."version" FROM "schema_migrations" ORDER BY "schema_migrations"."version" ASC[0m
  ↳ /Users/appacademy/.rbenv/versions/2.5.1/lib/ruby/gems/2.5.0/gems/activerecord-5.2.4.1/lib/active_record/log_subscriber.rb:98
Processing by StaticPagesController#root as HTML
  Rendering static_pages/root.html.erb within layouts/application
  Rendered static_pages/root.html.erb within layouts/application (1.8ms)
Completed 200 OK in 2237ms (Views: 2233.2ms | ActiveRecord: 0.0ms)


Started GET "/" for ::1 at 2019-12-20 14:02:13 -0800
Processing by StaticPagesController#root as HTML
  Rendering static_pages/root.html.erb within layouts/application
  Rendered static_pages/root.html.erb within layouts/application (0.6ms)
Completed 200 OK in 883ms (Views: 879.9ms | ActiveRecord: 0.0ms)


Started GET "/" for ::1 at 2019-12-20 14:04:13 -0800
Processing by StaticPagesController#root as HTML
  Rendering static_pages/root.html.erb within layouts/application
  Rendered static_pages/root.html.erb within layouts/application (0.8ms)
Completed 200 OK in 891ms (Views: 889.2ms | ActiveRecord: 0.0ms)


Started GET "/api/todos" for ::1 at 2019-12-20 14:04:15 -0800
Processing by Api::TodosController#index as JSON
  [1m[36mTodo Load (10.3ms)[0m  [1m[34mSELECT "todos".* FROM "todos"[0m
  ↳ app/controllers/api/todos_controller.rb:8
Completed 200 OK in 67ms (Views: 27.5ms | ActiveRecord: 33.1ms)


Started GET "/" for ::1 at 2019-12-20 14:05:28 -0800
Processing by StaticPagesController#root as HTML
  Rendering static_pages/root.html.erb within layouts/application
  Rendered static_pages/root.html.erb within layouts/application (0.7ms)
Completed 200 OK in 875ms (Views: 872.3ms | ActiveRecord: 0.0ms)


Started GET "/api/todos" for ::1 at 2019-12-20 14:05:29 -0800
Processing by Api::TodosController#index as JSON
  [1m[36mTodo Load (0.6ms)[0m  [1m[34mSELECT "todos".* FROM "todos"[0m
  ↳ app/controllers/api/todos_controller.rb:8
Completed 200 OK in 4ms (Views: 2.7ms | ActiveRecord: 0.6ms)


Started GET "/" for ::1 at 2019-12-20 14:06:08 -0800
Processing by StaticPagesController#root as HTML
  Rendering static_pages/root.html.erb within layouts/application
  Rendered static_pages/root.html.erb within layouts/application (0.5ms)
Completed 200 OK in 1022ms (Views: 1019.1ms | ActiveRecord: 0.0ms)


Started GET "/api/todos" for ::1 at 2019-12-20 14:06:10 -0800
Processing by Api::TodosController#index as JSON
  [1m[36mTodo Load (0.6ms)[0m  [1m[34mSELECT "todos".* FROM "todos"[0m
  ↳ app/controllers/api/todos_controller.rb:8
Completed 200 OK in 4ms (Views: 2.9ms | ActiveRecord: 0.6ms)


Started GET "/" for ::1 at 2019-12-20 14:16:11 -0800
Processing by StaticPagesController#root as HTML
  Rendering static_pages/root.html.erb within layouts/application
  Rendered static_pages/root.html.erb within layouts/application (0.6ms)
Completed 200 OK in 980ms (Views: 977.2ms | ActiveRecord: 0.0ms)


Started GET "/api/todos" for ::1 at 2019-12-20 14:16:12 -0800
Processing by Api::TodosController#index as JSON
  [1m[36mTodo Load (2.3ms)[0m  [1m[34mSELECT "todos".* FROM "todos"[0m
  ↳ app/controllers/api/todos_controller.rb:8
Completed 200 OK in 7ms (Views: 3.7ms | ActiveRecord: 2.3ms)


  [1m[36mTodo Load (1.2ms)[0m  [1m[34mSELECT "todos".* FROM "todos"[0m
Started GET "/" for ::1 at 2019-12-20 14:19:31 -0800
Processing by StaticPagesController#root as HTML
  Rendering static_pages/root.html.erb within layouts/application
  Rendered static_pages/root.html.erb within layouts/application (0.4ms)
Completed 200 OK in 892ms (Views: 888.8ms | ActiveRecord: 0.0ms)


Started GET "/api/todos" for ::1 at 2019-12-20 14:19:32 -0800
Processing by Api::TodosController#index as JSON
  [1m[36mTodo Load (0.6ms)[0m  [1m[34mSELECT "todos".* FROM "todos"[0m
  ↳ app/controllers/api/todos_controller.rb:8
Completed 200 OK in 4ms (Views: 3.4ms | ActiveRecord: 0.6ms)


Started GET "/" for ::1 at 2019-12-20 14:23:41 -0800
Processing by StaticPagesController#root as HTML
  Rendering static_pages/root.html.erb within layouts/application
  Rendered static_pages/root.html.erb within layouts/application (0.5ms)
Completed 200 OK in 843ms (Views: 841.2ms | ActiveRecord: 0.0ms)


Started GET "/api/todos" for ::1 at 2019-12-20 14:23:42 -0800
Processing by Api::TodosController#index as JSON
  [1m[36mTodo Load (0.7ms)[0m  [1m[34mSELECT "todos".* FROM "todos"[0m
  ↳ app/controllers/api/todos_controller.rb:8
Completed 200 OK in 4ms (Views: 3.0ms | ActiveRecord: 0.7ms)


Started GET "/" for ::1 at 2019-12-20 14:24:17 -0800
  [1m[35m (1.9ms)[0m  [1m[34mSELECT "schema_migrations"."version" FROM "schema_migrations" ORDER BY "schema_migrations"."version" ASC[0m
  ↳ /Users/appacademy/.rbenv/versions/2.5.1/lib/ruby/gems/2.5.0/gems/activerecord-5.2.4.1/lib/active_record/log_subscriber.rb:98
Processing by StaticPagesController#root as HTML
  Rendering static_pages/root.html.erb within layouts/application
  Rendered static_pages/root.html.erb within layouts/application (1.8ms)
Completed 200 OK in 2326ms (Views: 2323.5ms | ActiveRecord: 0.0ms)


Started GET "/api/todos" for ::1 at 2019-12-20 14:24:20 -0800
Processing by Api::TodosController#index as JSON
  [1m[36mTodo Load (1.4ms)[0m  [1m[34mSELECT "todos".* FROM "todos"[0m
  ↳ app/controllers/api/todos_controller.rb:8
Completed 200 OK in 40ms (Views: 19.1ms | ActiveRecord: 16.7ms)


Started GET "/" for ::1 at 2019-12-20 14:25:01 -0800
Processing by StaticPagesController#root as HTML
  Rendering static_pages/root.html.erb within layouts/application
  Rendered static_pages/root.html.erb within layouts/application (0.5ms)
Completed 200 OK in 864ms (Views: 861.5ms | ActiveRecord: 0.0ms)


Started GET "/api/todos" for ::1 at 2019-12-20 14:25:02 -0800
Processing by Api::TodosController#index as JSON
  [1m[36mTodo Load (0.8ms)[0m  [1m[34mSELECT "todos".* FROM "todos"[0m
  ↳ app/controllers/api/todos_controller.rb:8
Completed 200 OK in 4ms (Views: 2.4ms | ActiveRecord: 0.8ms)


Started GET "/" for ::1 at 2019-12-20 14:26:40 -0800
Processing by StaticPagesController#root as HTML
  Rendering static_pages/root.html.erb within layouts/application
  Rendered static_pages/root.html.erb within layouts/application (0.7ms)
Completed 200 OK in 947ms (Views: 945.1ms | ActiveRecord: 0.0ms)


Started GET "/api/todos" for ::1 at 2019-12-20 14:26:41 -0800
Processing by Api::TodosController#index as JSON
  [1m[36mTodo Load (0.6ms)[0m  [1m[34mSELECT "todos".* FROM "todos"[0m
  ↳ app/controllers/api/todos_controller.rb:8
Completed 200 OK in 4ms (Views: 2.9ms | ActiveRecord: 0.6ms)


Started POST "/api/todos" for ::1 at 2019-12-20 14:26:44 -0800
Processing by Api::TodosController#create as JSON
  Parameters: {"todo"=>{"title"=>"sasdas", "body"=>"asdasd", "done"=>"false"}}
Completed 500 Internal Server Error in 246ms (ActiveRecord: 0.0ms)



NameError - undefined local variable or method `todo_params' for #<Api::TodosController:0x00007fd425cb07b8>
Did you mean?  to_param:
  app/controllers/api/todos_controller.rb:12:in `create'

Started GET "/" for ::1 at 2019-12-20 14:28:09 -0800
Processing by StaticPagesController#root as HTML
  Rendering static_pages/root.html.erb within layouts/application
  Rendered static_pages/root.html.erb within layouts/application (0.6ms)
Completed 200 OK in 48ms (Views: 45.5ms | ActiveRecord: 0.0ms)


Started GET "/api/todos" for ::1 at 2019-12-20 14:28:09 -0800
Processing by Api::TodosController#index as JSON
  [1m[36mTodo Load (0.7ms)[0m  [1m[34mSELECT "todos".* FROM "todos"[0m
  ↳ app/controllers/api/todos_controller.rb:8
Completed 200 OK in 32ms (Views: 14.4ms | ActiveRecord: 12.7ms)


Started POST "/api/todos" for ::1 at 2019-12-20 14:28:16 -0800
Processing by Api::TodosController#create as JSON
  Parameters: {"todo"=>{"title"=>"asdasd", "body"=>"asdasdasd", "done"=>"false"}}
  [1m[35m (0.3ms)[0m  [1m[35mBEGIN[0m
  ↳ app/controllers/api/todos_controller.rb:13
  [1m[36mTodo Create (0.9ms)[0m  [1m[32mINSERT INTO "todos" ("title", "body", "done", "created_at", "updated_at") VALUES ($1, $2, $3, $4, $5) RETURNING "id"[0m  [["title", "asdasd"], ["body", "asdasdasd"], ["done", false], ["created_at", "2019-12-20 22:28:16.922133"], ["updated_at", "2019-12-20 22:28:16.922133"]]
  ↳ app/controllers/api/todos_controller.rb:13
  [1m[35m (2.5ms)[0m  [1m[35mCOMMIT[0m
  ↳ app/controllers/api/todos_controller.rb:13
Completed 200 OK in 9ms (Views: 0.5ms | ActiveRecord: 3.8ms)


Started GET "/" for ::1 at 2019-12-20 14:30:20 -0800
Processing by StaticPagesController#root as HTML
  Rendering static_pages/root.html.erb within layouts/application
  Rendered static_pages/root.html.erb within layouts/application (0.4ms)
Completed 200 OK in 46ms (Views: 43.7ms | ActiveRecord: 0.0ms)


Started GET "/api/todos" for ::1 at 2019-12-20 14:30:20 -0800
Processing by Api::TodosController#index as JSON
  [1m[36mTodo Load (0.7ms)[0m  [1m[34mSELECT "todos".* FROM "todos"[0m
  ↳ app/controllers/api/todos_controller.rb:8
Completed 200 OK in 4ms (Views: 3.3ms | ActiveRecord: 0.7ms)


Started GET "/" for ::1 at 2019-12-20 14:36:06 -0800
Processing by StaticPagesController#root as HTML
  Rendering static_pages/root.html.erb within layouts/application
  Rendered static_pages/root.html.erb within layouts/application (0.7ms)
Completed 200 OK in 918ms (Views: 915.5ms | ActiveRecord: 0.0ms)


Started GET "/api/todos" for ::1 at 2019-12-20 14:36:07 -0800
Processing by Api::TodosController#index as JSON
  [1m[36mTodo Load (0.7ms)[0m  [1m[34mSELECT "todos".* FROM "todos"[0m
  ↳ app/controllers/api/todos_controller.rb:8
Completed 200 OK in 3ms (Views: 2.3ms | ActiveRecord: 0.7ms)


Started POST "/api/todos" for ::1 at 2019-12-20 14:36:11 -0800
Processing by Api::TodosController#create as JSON
  Parameters: {"todo"=>{"title"=>"sdfksd;lfk", "body"=>"sdf;lksf;lsdkf", "done"=>"false"}}
  [1m[35m (0.3ms)[0m  [1m[35mBEGIN[0m
  ↳ app/controllers/api/todos_controller.rb:13
  [1m[36mTodo Create (0.6ms)[0m  [1m[32mINSERT INTO "todos" ("title", "body", "done", "created_at", "updated_at") VALUES ($1, $2, $3, $4, $5) RETURNING "id"[0m  [["title", "sdfksd;lfk"], ["body", "sdf;lksf;lsdkf"], ["done", false], ["created_at", "2019-12-20 22:36:11.531773"], ["updated_at", "2019-12-20 22:36:11.531773"]]
  ↳ app/controllers/api/todos_controller.rb:13
  [1m[35m (0.7ms)[0m  [1m[35mCOMMIT[0m
  ↳ app/controllers/api/todos_controller.rb:13
Completed 200 OK in 5ms (Views: 0.4ms | ActiveRecord: 1.5ms)


Started GET "/" for ::1 at 2019-12-20 14:36:44 -0800
Processing by StaticPagesController#root as HTML
  Rendering static_pages/root.html.erb within layouts/application
  Rendered static_pages/root.html.erb within layouts/application (0.5ms)
Completed 200 OK in 873ms (Views: 870.4ms | ActiveRecord: 0.0ms)


Started GET "/api/todos" for ::1 at 2019-12-20 14:36:46 -0800
Processing by Api::TodosController#index as JSON
  [1m[36mTodo Load (0.6ms)[0m  [1m[34mSELECT "todos".* FROM "todos"[0m
  ↳ app/controllers/api/todos_controller.rb:8
Completed 200 OK in 4ms (Views: 2.8ms | ActiveRecord: 0.6ms)


Started POST "/api/todos" for ::1 at 2019-12-20 14:36:52 -0800
Processing by Api::TodosController#create as JSON
  Parameters: {"todo"=>{"title"=>"new one", "body"=>"groceries", "done"=>"false"}}
  [1m[35m (0.3ms)[0m  [1m[35mBEGIN[0m
  ↳ app/controllers/api/todos_controller.rb:13
  [1m[36mTodo Create (0.7ms)[0m  [1m[32mINSERT INTO "todos" ("title", "body", "done", "created_at", "updated_at") VALUES ($1, $2, $3, $4, $5) RETURNING "id"[0m  [["title", "new one"], ["body", "groceries"], ["done", false], ["created_at", "2019-12-20 22:36:52.602901"], ["updated_at", "2019-12-20 22:36:52.602901"]]
  ↳ app/controllers/api/todos_controller.rb:13
  [1m[35m (3.3ms)[0m  [1m[35mCOMMIT[0m
  ↳ app/controllers/api/todos_controller.rb:13
Completed 200 OK in 9ms (Views: 0.5ms | ActiveRecord: 4.3ms)


Started GET "/" for ::1 at 2019-12-20 14:37:34 -0800
Processing by StaticPagesController#root as HTML
  Rendering static_pages/root.html.erb within layouts/application
  Rendered static_pages/root.html.erb within layouts/application (0.6ms)
Completed 200 OK in 858ms (Views: 853.6ms | ActiveRecord: 0.0ms)


Started GET "/api/todos" for ::1 at 2019-12-20 14:37:35 -0800
Processing by Api::TodosController#index as JSON
  [1m[36mTodo Load (0.7ms)[0m  [1m[34mSELECT "todos".* FROM "todos"[0m
  ↳ app/controllers/api/todos_controller.rb:8
Completed 200 OK in 5ms (Views: 4.0ms | ActiveRecord: 0.7ms)


Started GET "/" for ::1 at 2019-12-20 14:38:23 -0800
Processing by StaticPagesController#root as HTML
  Rendering static_pages/root.html.erb within layouts/application
  Rendered static_pages/root.html.erb within layouts/application (0.6ms)
Completed 200 OK in 1016ms (Views: 1013.6ms | ActiveRecord: 0.0ms)


Started GET "/api/todos" for ::1 at 2019-12-20 14:38:24 -0800
Processing by Api::TodosController#index as JSON
  [1m[36mTodo Load (0.7ms)[0m  [1m[34mSELECT "todos".* FROM "todos"[0m
  ↳ app/controllers/api/todos_controller.rb:8
Completed 200 OK in 5ms (Views: 3.7ms | ActiveRecord: 0.7ms)


Started POST "/api/todos" for ::1 at 2019-12-20 14:38:30 -0800
Processing by Api::TodosController#create as JSON
  Parameters: {"todo"=>{"title"=>"sdsd", "body"=>"sdsdsdsdsds", "done"=>"false"}}
  [1m[35m (0.3ms)[0m  [1m[35mBEGIN[0m
  ↳ app/controllers/api/todos_controller.rb:13
  [1m[36mTodo Create (0.7ms)[0m  [1m[32mINSERT INTO "todos" ("title", "body", "done", "created_at", "updated_at") VALUES ($1, $2, $3, $4, $5) RETURNING "id"[0m  [["title", "sdsd"], ["body", "sdsdsdsdsds"], ["done", false], ["created_at", "2019-12-20 22:38:30.590298"], ["updated_at", "2019-12-20 22:38:30.590298"]]
  ↳ app/controllers/api/todos_controller.rb:13
  [1m[35m (2.1ms)[0m  [1m[35mCOMMIT[0m
  ↳ app/controllers/api/todos_controller.rb:13
Completed 200 OK in 7ms (Views: 0.5ms | ActiveRecord: 3.1ms)


Started GET "/" for ::1 at 2019-12-20 14:41:49 -0800
Processing by StaticPagesController#root as HTML
  Rendering static_pages/root.html.erb within layouts/application
  Rendered static_pages/root.html.erb within layouts/application (0.4ms)
Completed 200 OK in 888ms (Views: 885.0ms | ActiveRecord: 0.0ms)


Started GET "/api/todos" for ::1 at 2019-12-20 14:41:50 -0800
Processing by Api::TodosController#index as JSON
  [1m[36mTodo Load (0.7ms)[0m  [1m[34mSELECT "todos".* FROM "todos"[0m
  ↳ app/controllers/api/todos_controller.rb:8
Completed 200 OK in 5ms (Views: 4.0ms | ActiveRecord: 0.7ms)


Started POST "/api/todos" for ::1 at 2019-12-20 14:41:57 -0800
Processing by Api::TodosController#create as JSON
  Parameters: {"todo"=>{"title"=>"this is new", "body"=>"ds;flksd;lfksd;lfk", "done"=>"false"}}
  [1m[35m (0.3ms)[0m  [1m[35mBEGIN[0m
  ↳ app/controllers/api/todos_controller.rb:13
  [1m[36mTodo Create (0.8ms)[0m  [1m[32mINSERT INTO "todos" ("title", "body", "done", "created_at", "updated_at") VALUES ($1, $2, $3, $4, $5) RETURNING "id"[0m  [["title", "this is new"], ["body", "ds;flksd;lfksd;lfk"], ["done", false], ["created_at", "2019-12-20 22:41:57.750248"], ["updated_at", "2019-12-20 22:41:57.750248"]]
  ↳ app/controllers/api/todos_controller.rb:13
  [1m[35m (2.2ms)[0m  [1m[35mCOMMIT[0m
  ↳ app/controllers/api/todos_controller.rb:13
Completed 200 OK in 7ms (Views: 0.4ms | ActiveRecord: 3.3ms)


Started GET "/" for ::1 at 2019-12-20 14:43:00 -0800
Processing by StaticPagesController#root as HTML
  Rendering static_pages/root.html.erb within layouts/application
  Rendered static_pages/root.html.erb within layouts/application (0.6ms)
Completed 200 OK in 916ms (Views: 913.3ms | ActiveRecord: 0.0ms)


Started GET "/" for ::1 at 2019-12-20 14:43:31 -0800
Processing by StaticPagesController#root as HTML
  Rendering static_pages/root.html.erb within layouts/application
  Rendered static_pages/root.html.erb within layouts/application (0.4ms)
Completed 200 OK in 853ms (Views: 851.3ms | ActiveRecord: 0.0ms)


Started GET "/api/todos" for ::1 at 2019-12-20 14:43:32 -0800
Processing by Api::TodosController#index as JSON
  [1m[36mTodo Load (0.8ms)[0m  [1m[34mSELECT "todos".* FROM "todos"[0m
  ↳ app/controllers/api/todos_controller.rb:8
Completed 200 OK in 6ms (Views: 4.7ms | ActiveRecord: 0.8ms)


Started GET "/" for ::1 at 2019-12-20 14:43:36 -0800
Processing by StaticPagesController#root as HTML
  Rendering static_pages/root.html.erb within layouts/application
  Rendered static_pages/root.html.erb within layouts/application (0.5ms)
Completed 200 OK in 46ms (Views: 42.7ms | ActiveRecord: 0.0ms)


Started GET "/api/todos" for ::1 at 2019-12-20 14:43:36 -0800
Processing by Api::TodosController#index as JSON
  [1m[36mTodo Load (0.7ms)[0m  [1m[34mSELECT "todos".* FROM "todos"[0m
  ↳ app/controllers/api/todos_controller.rb:8
Completed 200 OK in 6ms (Views: 4.7ms | ActiveRecord: 0.7ms)


Started POST "/api/todos" for ::1 at 2019-12-20 14:43:54 -0800
Processing by Api::TodosController#create as JSON
  Parameters: {"todo"=>{"title"=>"newone here", "body"=>"groceries", "done"=>"false"}}
  [1m[35m (0.6ms)[0m  [1m[35mBEGIN[0m
  ↳ app/controllers/api/todos_controller.rb:13
  [1m[36mTodo Create (1.0ms)[0m  [1m[32mINSERT INTO "todos" ("title", "body", "done", "created_at", "updated_at") VALUES ($1, $2, $3, $4, $5) RETURNING "id"[0m  [["title", "newone here"], ["body", "groceries"], ["done", false], ["created_at", "2019-12-20 22:43:54.586660"], ["updated_at", "2019-12-20 22:43:54.586660"]]
  ↳ app/controllers/api/todos_controller.rb:13
  [1m[35m (2.1ms)[0m  [1m[35mCOMMIT[0m
  ↳ app/controllers/api/todos_controller.rb:13
Completed 200 OK in 8ms (Views: 0.4ms | ActiveRecord: 3.7ms)


Started GET "/" for ::1 at 2019-12-20 14:45:12 -0800
Processing by StaticPagesController#root as HTML
  Rendering static_pages/root.html.erb within layouts/application
  Rendered static_pages/root.html.erb within layouts/application (0.5ms)
Completed 200 OK in 927ms (Views: 924.5ms | ActiveRecord: 0.0ms)


Started GET "/api/todos" for ::1 at 2019-12-20 14:45:13 -0800
Processing by Api::TodosController#index as JSON
  [1m[36mTodo Load (0.7ms)[0m  [1m[34mSELECT "todos".* FROM "todos"[0m
  ↳ app/controllers/api/todos_controller.rb:8
Completed 200 OK in 6ms (Views: 4.9ms | ActiveRecord: 0.7ms)


Started POST "/api/todos" for ::1 at 2019-12-20 14:45:24 -0800
Processing by Api::TodosController#create as JSON
  Parameters: {"todo"=>{"title"=>"buy milk", "body"=>"12344", "done"=>"false"}}
  [1m[35m (0.3ms)[0m  [1m[35mBEGIN[0m
  ↳ app/controllers/api/todos_controller.rb:13
  [1m[36mTodo Create (0.5ms)[0m  [1m[32mINSERT INTO "todos" ("title", "body", "done", "created_at", "updated_at") VALUES ($1, $2, $3, $4, $5) RETURNING "id"[0m  [["title", "buy milk"], ["body", "12344"], ["done", false], ["created_at", "2019-12-20 22:45:24.828191"], ["updated_at", "2019-12-20 22:45:24.828191"]]
  ↳ app/controllers/api/todos_controller.rb:13
  [1m[35m (2.0ms)[0m  [1m[35mCOMMIT[0m
  ↳ app/controllers/api/todos_controller.rb:13
Completed 200 OK in 7ms (Views: 0.4ms | ActiveRecord: 2.8ms)


Started GET "/" for ::1 at 2019-12-20 14:45:54 -0800
Processing by StaticPagesController#root as HTML
  Rendering static_pages/root.html.erb within layouts/application
  Rendered static_pages/root.html.erb within layouts/application (0.5ms)
Completed 200 OK in 890ms (Views: 886.7ms | ActiveRecord: 0.0ms)


Started GET "/api/todos" for ::1 at 2019-12-20 14:45:56 -0800
Processing by Api::TodosController#index as JSON
  [1m[36mTodo Load (0.6ms)[0m  [1m[34mSELECT "todos".* FROM "todos"[0m
  ↳ app/controllers/api/todos_controller.rb:8
Completed 200 OK in 6ms (Views: 5.6ms | ActiveRecord: 0.6ms)


Started POST "/api/todos" for ::1 at 2019-12-20 14:46:01 -0800
Processing by Api::TodosController#create as JSON
  Parameters: {"todo"=>{"title"=>"buy more milk", "body"=>"1234556", "done"=>"false"}}
  [1m[35m (0.3ms)[0m  [1m[35mBEGIN[0m
  ↳ app/controllers/api/todos_controller.rb:13
  [1m[36mTodo Create (0.7ms)[0m  [1m[32mINSERT INTO "todos" ("title", "body", "done", "created_at", "updated_at") VALUES ($1, $2, $3, $4, $5) RETURNING "id"[0m  [["title", "buy more milk"], ["body", "1234556"], ["done", false], ["created_at", "2019-12-20 22:46:02.000864"], ["updated_at", "2019-12-20 22:46:02.000864"]]
  ↳ app/controllers/api/todos_controller.rb:13
  [1m[35m (2.2ms)[0m  [1m[35mCOMMIT[0m
  ↳ app/controllers/api/todos_controller.rb:13
Completed 200 OK in 8ms (Views: 0.4ms | ActiveRecord: 3.2ms)


Started GET "/" for ::1 at 2019-12-20 14:47:44 -0800
Processing by StaticPagesController#root as HTML
  Rendering static_pages/root.html.erb within layouts/application
  Rendered static_pages/root.html.erb within layouts/application (0.5ms)
Completed 200 OK in 854ms (Views: 851.8ms | ActiveRecord: 0.0ms)


Started GET "/api/todos" for ::1 at 2019-12-20 14:47:45 -0800
Processing by Api::TodosController#index as JSON
  [1m[36mTodo Load (0.8ms)[0m  [1m[34mSELECT "todos".* FROM "todos"[0m
  ↳ app/controllers/api/todos_controller.rb:8
Completed 200 OK in 6ms (Views: 5.3ms | ActiveRecord: 0.8ms)


Started POST "/api/todos" for ::1 at 2019-12-20 14:47:51 -0800
Processing by Api::TodosController#create as JSON
  Parameters: {"todo"=>{"title"=>"buy candies", "body"=>"hellow", "done"=>"false"}}
  [1m[35m (0.3ms)[0m  [1m[35mBEGIN[0m
  ↳ app/controllers/api/todos_controller.rb:13
  [1m[36mTodo Create (0.7ms)[0m  [1m[32mINSERT INTO "todos" ("title", "body", "done", "created_at", "updated_at") VALUES ($1, $2, $3, $4, $5) RETURNING "id"[0m  [["title", "buy candies"], ["body", "hellow"], ["done", false], ["created_at", "2019-12-20 22:47:51.780876"], ["updated_at", "2019-12-20 22:47:51.780876"]]
  ↳ app/controllers/api/todos_controller.rb:13
  [1m[35m (3.2ms)[0m  [1m[35mCOMMIT[0m
  ↳ app/controllers/api/todos_controller.rb:13
Completed 200 OK in 9ms (Views: 0.6ms | ActiveRecord: 4.1ms)


Started GET "/" for ::1 at 2019-12-20 14:54:09 -0800
Processing by StaticPagesController#root as HTML
  Rendering static_pages/root.html.erb within layouts/application
  Rendered static_pages/root.html.erb within layouts/application (0.5ms)
Completed 200 OK in 965ms (Views: 962.9ms | ActiveRecord: 0.0ms)


Started GET "/api/todos" for ::1 at 2019-12-20 14:54:10 -0800
Processing by Api::TodosController#index as JSON
  [1m[36mTodo Load (3.0ms)[0m  [1m[34mSELECT "todos".* FROM "todos"[0m
  ↳ app/controllers/api/todos_controller.rb:8
Completed 200 OK in 58ms (Views: 28.5ms | ActiveRecord: 20.1ms)


Started POST "/api/todos" for ::1 at 2019-12-20 14:54:16 -0800
Processing by Api::TodosController#create as JSON
  Parameters: {"todo"=>{"title"=>"plz error", "body"=>"hello", "done"=>"false"}}
  [1m[35m (0.3ms)[0m  [1m[35mBEGIN[0m
  ↳ app/controllers/api/todos_controller.rb:13
  [1m[36mTodo Create (1.1ms)[0m  [1m[32mINSERT INTO "todos" ("title", "body", "done", "created_at", "updated_at") VALUES ($1, $2, $3, $4, $5) RETURNING "id"[0m  [["title", "plz error"], ["body", "hello"], ["done", false], ["created_at", "2019-12-20 22:54:16.905132"], ["updated_at", "2019-12-20 22:54:16.905132"]]
  ↳ app/controllers/api/todos_controller.rb:13
  [1m[35m (2.1ms)[0m  [1m[35mCOMMIT[0m
  ↳ app/controllers/api/todos_controller.rb:13
Completed 200 OK in 9ms (Views: 0.6ms | ActiveRecord: 3.5ms)


Started GET "/" for ::1 at 2019-12-20 14:58:19 -0800
Processing by StaticPagesController#root as HTML
  Rendering static_pages/root.html.erb within layouts/application
  Rendered static_pages/root.html.erb within layouts/application (0.4ms)
Completed 200 OK in 857ms (Views: 855.7ms | ActiveRecord: 0.0ms)


Started GET "/api/todos" for ::1 at 2019-12-20 14:58:20 -0800
Processing by Api::TodosController#index as JSON
  [1m[36mTodo Load (0.7ms)[0m  [1m[34mSELECT "todos".* FROM "todos"[0m
  ↳ app/controllers/api/todos_controller.rb:8
Completed 200 OK in 40ms (Views: 20.4ms | ActiveRecord: 14.5ms)


Started POST "/api/todos" for ::1 at 2019-12-20 14:58:30 -0800
Processing by Api::TodosController#create as JSON
  Parameters: {"todo"=>{"title"=>"plz plz do something", "body"=>"hsdhshshds", "done"=>"false"}}
  [1m[35m (2.7ms)[0m  [1m[35mBEGIN[0m
  ↳ app/controllers/api/todos_controller.rb:14
  [1m[36mTodo Create (4.7ms)[0m  [1m[32mINSERT INTO "todos" ("title", "body", "done", "created_at", "updated_at") VALUES ($1, $2, $3, $4, $5) RETURNING "id"[0m  [["title", "plz plz do something"], ["body", "hsdhshshds"], ["done", false], ["created_at", "2019-12-20 22:58:59.590536"], ["updated_at", "2019-12-20 22:58:59.590536"]]
  ↳ app/controllers/api/todos_controller.rb:14
  [1m[35m (2.8ms)[0m  [1m[35mCOMMIT[0m
  ↳ app/controllers/api/todos_controller.rb:14
Completed 200 OK in 40090ms (Views: 0.5ms | ActiveRecord: 10.1ms)


Started GET "/" for ::1 at 2019-12-20 15:01:44 -0800
Processing by StaticPagesController#root as HTML
  Rendering static_pages/root.html.erb within layouts/application
  Rendered static_pages/root.html.erb within layouts/application (0.5ms)
Completed 200 OK in 871ms (Views: 868.5ms | ActiveRecord: 0.0ms)


Started GET "/api/todos" for ::1 at 2019-12-20 15:01:45 -0800
Processing by Api::TodosController#index as JSON
  [1m[36mTodo Load (0.7ms)[0m  [1m[34mSELECT "todos".* FROM "todos"[0m
  ↳ app/controllers/api/todos_controller.rb:8
Completed 200 OK in 8ms (Views: 7.3ms | ActiveRecord: 0.7ms)


Started POST "/api/todos" for ::1 at 2019-12-20 15:02:31 -0800
Processing by Api::TodosController#create as JSON
  Parameters: {"todo"=>{"title"=>"plz", "body"=>"???", "done"=>"false"}}
Started GET "/" for ::1 at 2019-12-20 15:03:46 -0800
  [1m[35m (5.6ms)[0m  [1m[35mBEGIN[0m
  ↳ app/controllers/api/todos_controller.rb:14
  [1m[36mTodo Create (6.6ms)[0m  [1m[32mINSERT INTO "todos" ("title", "body", "done", "created_at", "updated_at") VALUES ($1, $2, $3, $4, $5) RETURNING "id"[0m  [["title", "plz"], ["body", "???"], ["done", false], ["created_at", "2019-12-20 23:03:46.837257"], ["updated_at", "2019-12-20 23:03:46.837257"]]
  ↳ app/controllers/api/todos_controller.rb:14
  [1m[35m (1.4ms)[0m  [1m[35mCOMMIT[0m
  ↳ app/controllers/api/todos_controller.rb:14
Completed 200 OK in 74923ms (Views: 0.7ms | ActiveRecord: 13.7ms)


Processing by StaticPagesController#root as HTML
  Rendering static_pages/root.html.erb within layouts/application
  Rendered static_pages/root.html.erb within layouts/application (1.0ms)
Completed 200 OK in 1048ms (Views: 1044.4ms | ActiveRecord: 0.0ms)


Started GET "/" for ::1 at 2019-12-20 15:04:10 -0800
  [1m[35m (1.3ms)[0m  [1m[34mSELECT "schema_migrations"."version" FROM "schema_migrations" ORDER BY "schema_migrations"."version" ASC[0m
  ↳ /Users/appacademy/.rbenv/versions/2.5.1/lib/ruby/gems/2.5.0/gems/activerecord-5.2.4.1/lib/active_record/log_subscriber.rb:98
Processing by StaticPagesController#root as HTML
  Rendering static_pages/root.html.erb within layouts/application
  Rendered static_pages/root.html.erb within layouts/application (3.6ms)
Completed 200 OK in 1506ms (Views: 1503.3ms | ActiveRecord: 0.0ms)


Started GET "/api/todos" for ::1 at 2019-12-20 15:04:12 -0800
Processing by Api::TodosController#index as JSON
  [1m[36mTodo Load (1.4ms)[0m  [1m[34mSELECT "todos".* FROM "todos"[0m
  ↳ app/controllers/api/todos_controller.rb:8
Completed 200 OK in 45ms (Views: 25.1ms | ActiveRecord: 14.5ms)


Started POST "/api/todos" for ::1 at 2019-12-20 15:04:18 -0800
Processing by Api::TodosController#create as JSON
  Parameters: {"todo"=>{"title"=>"plz", "body"=>"???", "done"=>"false"}}
  [1m[35m (0.2ms)[0m  [1m[35mBEGIN[0m
  ↳ app/controllers/api/todos_controller.rb:13
  [1m[36mTodo Create (0.9ms)[0m  [1m[32mINSERT INTO "todos" ("title", "body", "done", "created_at", "updated_at") VALUES ($1, $2, $3, $4, $5) RETURNING "id"[0m  [["title", "plz"], ["body", "???"], ["done", false], ["created_at", "2019-12-20 23:04:18.773111"], ["updated_at", "2019-12-20 23:04:18.773111"]]
  ↳ app/controllers/api/todos_controller.rb:13
  [1m[35m (0.9ms)[0m  [1m[35mCOMMIT[0m
  ↳ app/controllers/api/todos_controller.rb:13
Completed 200 OK in 7ms (Views: 0.6ms | ActiveRecord: 2.0ms)


Started GET "/" for ::1 at 2019-12-20 15:05:57 -0800
Processing by StaticPagesController#root as HTML
  Rendering static_pages/root.html.erb within layouts/application
  Rendered static_pages/root.html.erb within layouts/application (0.8ms)
Completed 200 OK in 908ms (Views: 905.8ms | ActiveRecord: 0.0ms)


Started GET "/api/todos" for ::1 at 2019-12-20 15:05:58 -0800
Processing by Api::TodosController#index as JSON
  [1m[36mTodo Load (0.7ms)[0m  [1m[34mSELECT "todos".* FROM "todos"[0m
  ↳ app/controllers/api/todos_controller.rb:8
Completed 200 OK in 9ms (Views: 7.4ms | ActiveRecord: 0.7ms)


Started GET "/" for ::1 at 2019-12-20 15:06:15 -0800
Processing by StaticPagesController#root as HTML
  Rendering static_pages/root.html.erb within layouts/application
  Rendered static_pages/root.html.erb within layouts/application (0.4ms)
Completed 200 OK in 996ms (Views: 993.3ms | ActiveRecord: 0.0ms)


Started GET "/api/todos" for ::1 at 2019-12-20 15:06:16 -0800
Processing by Api::TodosController#index as JSON
  [1m[36mTodo Load (0.7ms)[0m  [1m[34mSELECT "todos".* FROM "todos"[0m
  ↳ app/controllers/api/todos_controller.rb:8
Completed 200 OK in 9ms (Views: 8.0ms | ActiveRecord: 0.7ms)


Started GET "/" for ::1 at 2019-12-20 15:06:56 -0800
Processing by StaticPagesController#root as HTML
  Rendering static_pages/root.html.erb within layouts/application
  Rendered static_pages/root.html.erb within layouts/application (0.3ms)
Completed 200 OK in 1005ms (Views: 1002.4ms | ActiveRecord: 0.0ms)


Started GET "/api/todos" for ::1 at 2019-12-20 15:06:58 -0800
Processing by Api::TodosController#index as JSON
  [1m[36mTodo Load (0.7ms)[0m  [1m[34mSELECT "todos".* FROM "todos"[0m
  ↳ app/controllers/api/todos_controller.rb:8
Completed 200 OK in 9ms (Views: 7.6ms | ActiveRecord: 0.7ms)


Started GET "/" for ::1 at 2019-12-20 15:10:38 -0800
Processing by StaticPagesController#root as HTML
  Rendering static_pages/root.html.erb within layouts/application
  Rendered static_pages/root.html.erb within layouts/application (0.5ms)
Completed 200 OK in 947ms (Views: 942.5ms | ActiveRecord: 0.0ms)


Started GET "/api/todos" for ::1 at 2019-12-20 15:10:39 -0800
Processing by Api::TodosController#index as JSON
  [1m[36mTodo Load (0.7ms)[0m  [1m[34mSELECT "todos".* FROM "todos"[0m
  ↳ app/controllers/api/todos_controller.rb:8
Completed 200 OK in 8ms (Views: 6.9ms | ActiveRecord: 0.7ms)


Started POST "/api/todos" for ::1 at 2019-12-20 15:10:51 -0800
Processing by Api::TodosController#create as JSON
  Parameters: {"todo"=>{"title"=>"sigh", "body"=>"dfksd;fks;dlfks", "done"=>"false"}}
  [1m[35m (0.7ms)[0m  [1m[35mBEGIN[0m
  ↳ app/controllers/api/todos_controller.rb:13
  [1m[36mTodo Create (2.8ms)[0m  [1m[32mINSERT INTO "todos" ("title", "body", "done", "created_at", "updated_at") VALUES ($1, $2, $3, $4, $5) RETURNING "id"[0m  [["title", "sigh"], ["body", "dfksd;fks;dlfks"], ["done", false], ["created_at", "2019-12-20 23:10:51.369310"], ["updated_at", "2019-12-20 23:10:51.369310"]]
  ↳ app/controllers/api/todos_controller.rb:13
  [1m[35m (1.1ms)[0m  [1m[35mCOMMIT[0m
  ↳ app/controllers/api/todos_controller.rb:13
Completed 200 OK in 9ms (Views: 0.6ms | ActiveRecord: 4.6ms)


Started GET "/" for ::1 at 2019-12-20 15:11:11 -0800
Processing by StaticPagesController#root as HTML
  Rendering static_pages/root.html.erb within layouts/application
  Rendered static_pages/root.html.erb within layouts/application (0.8ms)
Completed 200 OK in 150ms (Views: 146.9ms | ActiveRecord: 0.0ms)


Started GET "/" for ::1 at 2019-12-20 15:11:20 -0800
Processing by StaticPagesController#root as HTML
  Rendering static_pages/root.html.erb within layouts/application
  Rendered static_pages/root.html.erb within layouts/application (0.5ms)
Completed 200 OK in 140ms (Views: 137.7ms | ActiveRecord: 0.0ms)


Started GET "/api/todos" for ::1 at 2019-12-20 15:11:21 -0800
Processing by Api::TodosController#index as JSON
  [1m[36mTodo Load (0.9ms)[0m  [1m[34mSELECT "todos".* FROM "todos"[0m
  ↳ app/controllers/api/todos_controller.rb:8
Completed 200 OK in 8ms (Views: 7.2ms | ActiveRecord: 0.9ms)


Started POST "/api/todos" for ::1 at 2019-12-20 15:11:27 -0800
Processing by Api::TodosController#create as JSON
  Parameters: {"todo"=>{"title"=>"siiiigh", "body"=>"sd;flksd;flksd", "done"=>"false"}}
  [1m[35m (0.4ms)[0m  [1m[35mBEGIN[0m
  ↳ app/controllers/api/todos_controller.rb:13
  [1m[36mTodo Create (1.8ms)[0m  [1m[32mINSERT INTO "todos" ("title", "body", "done", "created_at", "updated_at") VALUES ($1, $2, $3, $4, $5) RETURNING "id"[0m  [["title", "siiiigh"], ["body", "sd;flksd;flksd"], ["done", false], ["created_at", "2019-12-20 23:11:27.314889"], ["updated_at", "2019-12-20 23:11:27.314889"]]
  ↳ app/controllers/api/todos_controller.rb:13
  [1m[35m (3.3ms)[0m  [1m[35mCOMMIT[0m
  ↳ app/controllers/api/todos_controller.rb:13
Completed 200 OK in 11ms (Views: 0.7ms | ActiveRecord: 5.6ms)


Started GET "/" for ::1 at 2019-12-20 15:40:13 -0800
Processing by StaticPagesController#root as HTML
  Rendering static_pages/root.html.erb within layouts/application
  Rendered static_pages/root.html.erb within layouts/application (0.4ms)
Completed 200 OK in 857ms (Views: 852.4ms | ActiveRecord: 0.0ms)


Started GET "/api/todos" for ::1 at 2019-12-20 15:40:14 -0800
Processing by Api::TodosController#index as JSON
  [1m[36mTodo Load (4.5ms)[0m  [1m[34mSELECT "todos".* FROM "todos"[0m
  ↳ app/controllers/api/todos_controller.rb:8
Completed 200 OK in 15ms (Views: 10.0ms | ActiveRecord: 4.5ms)


Started POST "/api/todos" for ::1 at 2019-12-20 15:40:37 -0800
Processing by Api::TodosController#create as JSON
  Parameters: {"todo"=>{"title"=>"asdasdasdasdasd", "body"=>"", "done"=>"false"}}
  [1m[35m (0.3ms)[0m  [1m[35mBEGIN[0m
  ↳ app/controllers/api/todos_controller.rb:13
  [1m[35m (0.8ms)[0m  [1m[31mROLLBACK[0m
  ↳ app/controllers/api/todos_controller.rb:13
Completed 422 Unprocessable Entity in 12ms (Views: 0.2ms | ActiveRecord: 1.1ms)


Started GET "/" for ::1 at 2019-12-20 15:42:00 -0800
Processing by StaticPagesController#root as HTML
  Rendering static_pages/root.html.erb within layouts/application
  Rendered static_pages/root.html.erb within layouts/application (0.7ms)
Completed 200 OK in 937ms (Views: 933.8ms | ActiveRecord: 0.0ms)


Started GET "/api/todos" for ::1 at 2019-12-20 15:42:01 -0800
Processing by Api::TodosController#index as JSON
  [1m[36mTodo Load (0.7ms)[0m  [1m[34mSELECT "todos".* FROM "todos"[0m
  ↳ app/controllers/api/todos_controller.rb:8
Completed 200 OK in 10ms (Views: 8.6ms | ActiveRecord: 0.7ms)


Started POST "/api/todos" for ::1 at 2019-12-20 15:42:07 -0800
Processing by Api::TodosController#create as JSON
  Parameters: {"todo"=>{"title"=>"asdasdlkasjdlkasjdlas", "body"=>"", "done"=>"false"}}
  [1m[35m (0.3ms)[0m  [1m[35mBEGIN[0m
  ↳ app/controllers/api/todos_controller.rb:13
  [1m[35m (0.4ms)[0m  [1m[31mROLLBACK[0m
  ↳ app/controllers/api/todos_controller.rb:13
Completed 422 Unprocessable Entity in 5ms (Views: 0.2ms | ActiveRecord: 0.6ms)


