  [1m[35m (178.9ms)[0m  [1m[35mCREATE DATABASE "music_app_development" ENCODING = 'unicode'[0m
  ↳ bin/rails:9
  [1m[35m (50.0ms)[0m  [1m[35mCREATE DATABASE "music_app_test" ENCODING = 'unicode'[0m
  ↳ bin/rails:9
  [1m[35m (16.5ms)[0m  [1m[35mCREATE TABLE "schema_migrations" ("version" character varying NOT NULL PRIMARY KEY)[0m
  ↳ bin/rails:9
  [1m[35m (2.8ms)[0m  [1m[35mCREATE TABLE "ar_internal_metadata" ("key" character varying NOT NULL PRIMARY KEY, "value" character varying, "created_at" timestamp NOT NULL, "updated_at" timestamp NOT NULL)[0m
  ↳ bin/rails:9
  [1m[35m (0.2ms)[0m  [1m[34mSELECT pg_try_advisory_lock(4505726345591715405)[0m
  ↳ bin/rails:9
  [1m[35m (0.4ms)[0m  [1m[34mSELECT "schema_migrations"."version" FROM "schema_migrations" ORDER BY "schema_migrations"."version" ASC[0m
  ↳ bin/rails:9
Migrating to CreateUsers (20191126230408)
  [1m[35m (0.1ms)[0m  [1m[35mBEGIN[0m
  ↳ bin/rails:9
  [1m[35m (4.6ms)[0m  [1m[35mCREATE TABLE "users" ("id" bigserial primary key, "email" character varying NOT NULL, "password_digest" character varying NOT NULL, "session_token" character varying NOT NULL, "created_at" timestamp NOT NULL, "updated_at" timestamp NOT NULL)[0m
  ↳ db/migrate/20191126230408_create_users.rb:3
  [1m[35m (1.0ms)[0m  [1m[35mCREATE UNIQUE INDEX  "index_users_on_email" ON "users"  ("email")[0m
  ↳ db/migrate/20191126230408_create_users.rb:10
  [1m[35m (0.7ms)[0m  [1m[35mCREATE UNIQUE INDEX  "index_users_on_session_token" ON "users"  ("session_token")[0m
  ↳ db/migrate/20191126230408_create_users.rb:11
  [1m[36mActiveRecord::SchemaMigration Create (0.4ms)[0m  [1m[32mINSERT INTO "schema_migrations" ("version") VALUES ($1) RETURNING "version"[0m  [["version", "20191126230408"]]
  ↳ bin/rails:9
  [1m[35m (0.2ms)[0m  [1m[35mCOMMIT[0m
  ↳ bin/rails:9
  [1m[36mActiveRecord::InternalMetadata Load (0.3ms)[0m  [1m[34mSELECT  "ar_internal_metadata".* FROM "ar_internal_metadata" WHERE "ar_internal_metadata"."key" = $1 LIMIT $2[0m  [["key", "environment"], ["LIMIT", 1]]
  ↳ bin/rails:9
  [1m[35m (0.3ms)[0m  [1m[35mBEGIN[0m
  ↳ bin/rails:9
  [1m[36mActiveRecord::InternalMetadata Create (0.8ms)[0m  [1m[32mINSERT INTO "ar_internal_metadata" ("key", "value", "created_at", "updated_at") VALUES ($1, $2, $3, $4) RETURNING "key"[0m  [["key", "environment"], ["value", "development"], ["created_at", "2019-11-26 23:07:05.536210"], ["updated_at", "2019-11-26 23:07:05.536210"]]
  ↳ bin/rails:9
  [1m[35m (0.4ms)[0m  [1m[35mCOMMIT[0m
  ↳ bin/rails:9
  [1m[35m (0.2ms)[0m  [1m[34mSELECT pg_advisory_unlock(4505726345591715405)[0m
  ↳ bin/rails:9
  [1m[35m (0.3ms)[0m  [1m[34mSELECT "schema_migrations"."version" FROM "schema_migrations" ORDER BY "schema_migrations"."version" ASC[0m
  ↳ bin/rails:9
  [1m[35m (0.6ms)[0m  [1m[34mSELECT "schema_migrations"."version" FROM "schema_migrations" ORDER BY "schema_migrations"."version" ASC[0m
  ↳ /Users/kiki/.rbenv/versions/2.5.1/bin/rake:23
Started GET "/users" for ::1 at 2019-11-26 15:37:17 -0800
  [1m[35m (0.6ms)[0m  [1m[34mSELECT "schema_migrations"."version" FROM "schema_migrations" ORDER BY "schema_migrations"."version" ASC[0m
  ↳ /Users/kiki/.rbenv/versions/2.5.1/lib/ruby/gems/2.5.0/gems/activerecord-5.2.3/lib/active_record/log_subscriber.rb:98
  
ActionController::RoutingError (No route matches [GET] "/users"):
  
actionpack (5.2.3) lib/action_dispatch/middleware/debug_exceptions.rb:65:in `call'
web-console (3.7.0) lib/web_console/middleware.rb:135:in `call_app'
web-console (3.7.0) lib/web_console/middleware.rb:30:in `block in call'
web-console (3.7.0) lib/web_console/middleware.rb:20:in `catch'
web-console (3.7.0) lib/web_console/middleware.rb:20:in `call'
actionpack (5.2.3) lib/action_dispatch/middleware/show_exceptions.rb:33:in `call'
railties (5.2.3) lib/rails/rack/logger.rb:38:in `call_app'
railties (5.2.3) lib/rails/rack/logger.rb:26:in `block in call'
activesupport (5.2.3) lib/active_support/tagged_logging.rb:71:in `block in tagged'
activesupport (5.2.3) lib/active_support/tagged_logging.rb:28:in `tagged'
activesupport (5.2.3) lib/active_support/tagged_logging.rb:71:in `tagged'
railties (5.2.3) lib/rails/rack/logger.rb:26:in `call'
sprockets-rails (3.2.1) lib/sprockets/rails/quiet_assets.rb:13:in `call'
actionpack (5.2.3) lib/action_dispatch/middleware/remote_ip.rb:81:in `call'
actionpack (5.2.3) lib/action_dispatch/middleware/request_id.rb:27:in `call'
rack (2.0.7) lib/rack/method_override.rb:22:in `call'
rack (2.0.7) lib/rack/runtime.rb:22:in `call'
activesupport (5.2.3) lib/active_support/cache/strategy/local_cache_middleware.rb:29:in `call'
actionpack (5.2.3) lib/action_dispatch/middleware/executor.rb:14:in `call'
actionpack (5.2.3) lib/action_dispatch/middleware/static.rb:127:in `call'
rack (2.0.7) lib/rack/sendfile.rb:111:in `call'
railties (5.2.3) lib/rails/engine.rb:524:in `call'
puma (3.12.1) lib/puma/configuration.rb:227:in `call'
puma (3.12.1) lib/puma/server.rb:660:in `handle_request'
puma (3.12.1) lib/puma/server.rb:474:in `process_client'
puma (3.12.1) lib/puma/server.rb:334:in `block in run'
puma (3.12.1) lib/puma/thread_pool.rb:135:in `block in spawn_thread'
Started GET "/users/new" for ::1 at 2019-11-26 15:37:22 -0800

SyntaxError - syntax error, unexpected tIDENTIFIER, expecting keyword_end
            type="hidden"
                  ^~~~~~
/Users/kiki/Desktop/App Academy/aA_Classwork/W7D2/music_app/app/helpers/application_helper.rb:5: syntax error, unexpected tIDENTIFIER, expecting keyword_end
...       name="authenticity_token"
...             ^~~~~~~~~~~~~~~~~~
/Users/kiki/Desktop/App Academy/aA_Classwork/W7D2/music_app/app/helpers/application_helper.rb:9: unterminated string meets end of file
/Users/kiki/Desktop/App Academy/aA_Classwork/W7D2/music_app/app/helpers/application_helper.rb:9: syntax error, unexpected end-of-input, expecting keyword_end:
  app/helpers/application_helper.rb:4:in `'
  app/controllers/application_controller.rb:1:in `<top (required)>'
  app/controllers/users_controller.rb:1:in `<top (required)>'

Started POST "/__better_errors/674a6d2a22d93924/variables" for ::1 at 2019-11-26 15:37:22 -0800
Started GET "/users/new" for ::1 at 2019-11-26 15:39:33 -0800

SyntaxError - syntax error, unexpected tIDENTIFIER, expecting keyword_end
        "<input type="hidden" name="authenticity_token"
                      ^~~~~~
/Users/kiki/Desktop/App Academy/aA_Classwork/W7D2/music_app/app/helpers/application_helper.rb:3: syntax error, unexpected tIDENTIFIER, expecting keyword_end
...idden" name="authenticity_token"
...             ^~~~~~~~~~~~~~~~~~
/Users/kiki/Desktop/App Academy/aA_Classwork/W7D2/music_app/app/helpers/application_helper.rb:6: unterminated string meets end of file
/Users/kiki/Desktop/App Academy/aA_Classwork/W7D2/music_app/app/helpers/application_helper.rb:6: syntax error, unexpected end-of-input, expecting keyword_end:
  app/helpers/application_helper.rb:3:in `'
  app/controllers/application_controller.rb:1:in `<top (required)>'
  app/controllers/users_controller.rb:1:in `<top (required)>'

Started POST "/__better_errors/18fa85ef99173a06/variables" for ::1 at 2019-11-26 15:39:33 -0800
Started GET "/users/new" for ::1 at 2019-11-26 15:39:34 -0800

SyntaxError - syntax error, unexpected tIDENTIFIER, expecting keyword_end
        "<input type="hidden" name="authenticity_token"
                      ^~~~~~
/Users/kiki/Desktop/App Academy/aA_Classwork/W7D2/music_app/app/helpers/application_helper.rb:3: syntax error, unexpected tIDENTIFIER, expecting keyword_end
...idden" name="authenticity_token"
...             ^~~~~~~~~~~~~~~~~~
/Users/kiki/Desktop/App Academy/aA_Classwork/W7D2/music_app/app/helpers/application_helper.rb:6: unterminated string meets end of file
/Users/kiki/Desktop/App Academy/aA_Classwork/W7D2/music_app/app/helpers/application_helper.rb:6: syntax error, unexpected end-of-input, expecting keyword_end:
  app/helpers/application_helper.rb:3:in `'
  app/controllers/application_controller.rb:1:in `<top (required)>'
  app/controllers/users_controller.rb:1:in `<top (required)>'

Started POST "/__better_errors/e13414f49855cd6c/variables" for ::1 at 2019-11-26 15:39:34 -0800
Started GET "/users/new" for ::1 at 2019-11-26 15:39:41 -0800

SyntaxError - syntax error, unexpected tIDENTIFIER, expecting keyword_end
        "<input type="hidden" name="authenticity_token"
                      ^~~~~~
/Users/kiki/Desktop/App Academy/aA_Classwork/W7D2/music_app/app/helpers/application_helper.rb:3: syntax error, unexpected tIDENTIFIER, expecting keyword_end
...idden" name="authenticity_token"
...             ^~~~~~~~~~~~~~~~~~
/Users/kiki/Desktop/App Academy/aA_Classwork/W7D2/music_app/app/helpers/application_helper.rb:6: unterminated string meets end of file
/Users/kiki/Desktop/App Academy/aA_Classwork/W7D2/music_app/app/helpers/application_helper.rb:6: syntax error, unexpected end-of-input, expecting keyword_end:
  app/helpers/application_helper.rb:3:in `'
  app/controllers/application_controller.rb:1:in `<top (required)>'
  app/controllers/users_controller.rb:1:in `<top (required)>'

Started POST "/__better_errors/d49a2ba792c8e57b/variables" for ::1 at 2019-11-26 15:39:41 -0800
Started GET "/users/new" for ::1 at 2019-11-26 15:39:42 -0800
Processing by UsersController#new as HTML
Completed 500 Internal Server Error in 9ms (ActiveRecord: 0.0ms)



NameError - uninitialized constant User::MinimumValidator:
  app/models/user.rb:23:in `<class:User>'
  app/models/user.rb:20:in `<top (required)>'
  app/controllers/users_controller.rb:8:in `new'

Started POST "/__better_errors/64d4e875e9383ed0/variables" for ::1 at 2019-11-26 15:39:42 -0800
Started GET "/users/new" for ::1 at 2019-11-26 15:40:37 -0800
Processing by UsersController#new as HTML
  Rendering users/new.html.erb within layouts/application
  Rendered users/new.html.erb within layouts/application (1.5ms)
  [1m[36mUser Load (1.9ms)[0m  [1m[34mSELECT  "users".* FROM "users" WHERE "users"."session_token" IS NULL LIMIT $1[0m  [["LIMIT", 1]]
  ↳ app/controllers/application_controller.rb:5
Completed 200 OK in 1161ms (Views: 1142.8ms | ActiveRecord: 8.5ms)


Started POST "/users" for ::1 at 2019-11-26 15:40:45 -0800
Processing by UsersController#create as HTML
  Parameters: {"user"=>{"email"=>"cheung_helenkei@hotmail.com", "password"=>"[FILTERED]"}, "authenticity_token"=>"p0CihWOlHyM02wwEhzeuh2AvtjsmjnmCoAjm9TWS007Yg1R1IlsQDBpYoN5elAKZzNcoJEplxEulejg7NLRPyg=="}
  [1m[35m (0.2ms)[0m  [1m[35mBEGIN[0m
  ↳ app/controllers/users_controller.rb:15
  [1m[36mUser Exists (1.0ms)[0m  [1m[34mSELECT  1 AS one FROM "users" WHERE "users"."email" = $1 LIMIT $2[0m  [["email", "cheung_helenkei@hotmail.com"], ["LIMIT", 1]]
  ↳ app/controllers/users_controller.rb:15
  [1m[36mUser Exists (0.3ms)[0m  [1m[34mSELECT  1 AS one FROM "users" WHERE "users"."session_token" = $1 LIMIT $2[0m  [["session_token", "D91yvzKfwrGWgI1nR_GEMw"], ["LIMIT", 1]]
  ↳ app/controllers/users_controller.rb:15
  [1m[36mUser Create (2.6ms)[0m  [1m[32mINSERT INTO "users" ("email", "password_digest", "session_token", "created_at", "updated_at") VALUES ($1, $2, $3, $4, $5) RETURNING "id"[0m  [["email", "cheung_helenkei@hotmail.com"], ["password_digest", "$2a$12$5sOgW58kpM.pisxR/MQ.Q.zEQaSNbt6FQxbzG35OKrvIdV0Z9qJQe"], ["session_token", "D91yvzKfwrGWgI1nR_GEMw"], ["created_at", "2019-11-26 23:40:45.641209"], ["updated_at", "2019-11-26 23:40:45.641209"]]
  ↳ app/controllers/users_controller.rb:15
  [1m[35m (0.8ms)[0m  [1m[35mCOMMIT[0m
  ↳ app/controllers/users_controller.rb:15
Redirected to http://localhost:3000/users/1
Completed 302 Found in 219ms (ActiveRecord: 4.9ms)


Started GET "/users/1" for ::1 at 2019-11-26 15:40:45 -0800
Processing by UsersController#show as HTML
  Parameters: {"id"=>"1"}
  [1m[36mUser Load (0.3ms)[0m  [1m[34mSELECT  "users".* FROM "users" WHERE "users"."id" = $1 LIMIT $2[0m  [["id", 1], ["LIMIT", 1]]
  ↳ app/controllers/users_controller.rb:3
  Rendering users/show.html.erb within layouts/application
  Rendered users/show.html.erb within layouts/application (0.5ms)
  [1m[36mUser Load (0.3ms)[0m  [1m[34mSELECT  "users".* FROM "users" WHERE "users"."session_token" IS NULL LIMIT $1[0m  [["LIMIT", 1]]
  ↳ app/controllers/application_controller.rb:5
Completed 200 OK in 26ms (Views: 21.6ms | ActiveRecord: 0.8ms)


  [1m[36mUser Load (0.7ms)[0m  [1m[34mSELECT "users".* FROM "users"[0m
Started GET "/users/1" for ::1 at 2019-11-26 15:59:18 -0800

SyntaxError - syntax error, unexpected tIDENTIFIER, expecting keyword_end
        "<input type="hidden" name="authenticity_token"
                      ^~~~~~
/Users/kiki/Desktop/App Academy/aA_Classwork/W7D2/music_app/app/helpers/application_helper.rb:3: syntax error, unexpected tIDENTIFIER, expecting keyword_end
...idden" name="authenticity_token"
...             ^~~~~~~~~~~~~~~~~~:
  app/helpers/application_helper.rb:3:in `'
  app/controllers/application_controller.rb:1:in `<top (required)>'
  app/controllers/users_controller.rb:1:in `<top (required)>'

Started POST "/__better_errors/f2b23dfb89340dc9/variables" for ::1 at 2019-11-26 15:59:19 -0800
Started GET "/users/1" for ::1 at 2019-11-26 15:59:50 -0800
Processing by UsersController#show as HTML
  Parameters: {"id"=>"1"}
  [1m[36mUser Load (1.1ms)[0m  [1m[34mSELECT  "users".* FROM "users" WHERE "users"."id" = $1 LIMIT $2[0m  [["id", 1], ["LIMIT", 1]]
  ↳ app/controllers/users_controller.rb:3
  Rendering users/show.html.erb within layouts/application
  Rendered users/show.html.erb within layouts/application (1.1ms)
  [1m[36mUser Load (0.3ms)[0m  [1m[34mSELECT  "users".* FROM "users" WHERE "users"."session_token" IS NULL LIMIT $1[0m  [["LIMIT", 1]]
  ↳ app/controllers/application_controller.rb:5
Completed 200 OK in 87ms (Views: 54.8ms | ActiveRecord: 13.4ms)


Started GET "/users/new" for ::1 at 2019-11-26 16:08:34 -0800
Processing by UsersController#new as HTML
  Rendering users/new.html.erb within layouts/application
  Rendered users/new.html.erb within layouts/application (0.6ms)
  [1m[36mUser Load (0.5ms)[0m  [1m[34mSELECT  "users".* FROM "users" WHERE "users"."session_token" IS NULL LIMIT $1[0m  [["LIMIT", 1]]
  ↳ app/controllers/application_controller.rb:5
Completed 200 OK in 40ms (Views: 20.7ms | ActiveRecord: 10.9ms)


Started POST "/users" for ::1 at 2019-11-26 16:08:39 -0800
Processing by UsersController#create as HTML
  Parameters: {"user"=>{"email"=>"cheung_helenkei@hotmail.com", "password"=>"[FILTERED]"}, "authenticity_token"=>"rYaHsmubr3sE9/ZeetNoRv10FR2JQFKxMmXozUjkI1nSRXFCKmWgVCp0WoSjcMRYUYyLAuWr73g3FzYDScK/3Q=="}
  [1m[35m (0.2ms)[0m  [1m[35mBEGIN[0m
  ↳ app/controllers/users_controller.rb:17
  [1m[36mUser Exists (0.6ms)[0m  [1m[34mSELECT  1 AS one FROM "users" WHERE "users"."email" = $1 LIMIT $2[0m  [["email", "cheung_helenkei@hotmail.com"], ["LIMIT", 1]]
  ↳ app/controllers/users_controller.rb:17
  [1m[36mUser Exists (0.5ms)[0m  [1m[34mSELECT  1 AS one FROM "users" WHERE "users"."session_token" = $1 LIMIT $2[0m  [["session_token", "tdZp7h4XtZVMT76hO7I1Mw"], ["LIMIT", 1]]
  ↳ app/controllers/users_controller.rb:17
  [1m[35m (0.5ms)[0m  [1m[31mROLLBACK[0m
  ↳ app/controllers/users_controller.rb:17
  Rendering users/new.html.erb within layouts/application
  Rendered users/new.html.erb within layouts/application (3.9ms)
Completed 500 Internal Server Error in 237ms (ActiveRecord: 1.7ms)



NoMethodError - undefined method `email' for nil:NilClass:
  app/views/users/new.html.erb:5:in `_app_views_users_new_html_erb___888649930057975446_70240154711640'
  app/controllers/users_controller.rb:21:in `create'

Started POST "/__better_errors/ccaa1dc16260a07a/variables" for ::1 at 2019-11-26 16:08:40 -0800
Started POST "/users" for ::1 at 2019-11-26 16:08:54 -0800
Processing by UsersController#create as HTML
  Parameters: {"user"=>{"email"=>"helenkei.cheung@gmail.com", "password"=>"[FILTERED]"}, "authenticity_token"=>"rYaHsmubr3sE9/ZeetNoRv10FR2JQFKxMmXozUjkI1nSRXFCKmWgVCp0WoSjcMRYUYyLAuWr73g3FzYDScK/3Q=="}
  [1m[35m (0.1ms)[0m  [1m[35mBEGIN[0m
  ↳ app/controllers/users_controller.rb:17
  [1m[36mUser Exists (0.3ms)[0m  [1m[34mSELECT  1 AS one FROM "users" WHERE "users"."email" = $1 LIMIT $2[0m  [["email", "helenkei.cheung@gmail.com"], ["LIMIT", 1]]
  ↳ app/controllers/users_controller.rb:17
  [1m[36mUser Exists (0.2ms)[0m  [1m[34mSELECT  1 AS one FROM "users" WHERE "users"."session_token" = $1 LIMIT $2[0m  [["session_token", "Lb8UdCGXmI4Su_68N3eRTA"], ["LIMIT", 1]]
  ↳ app/controllers/users_controller.rb:17
  [1m[36mUser Create (0.5ms)[0m  [1m[32mINSERT INTO "users" ("email", "password_digest", "session_token", "created_at", "updated_at") VALUES ($1, $2, $3, $4, $5) RETURNING "id"[0m  [["email", "helenkei.cheung@gmail.com"], ["password_digest", "$2a$12$kafV52ZyKqZOrhRsfDXqaOkN7HyIwpR35opXLSddwyg.O0XAglUva"], ["session_token", "Lb8UdCGXmI4Su_68N3eRTA"], ["created_at", "2019-11-27 00:08:55.186676"], ["updated_at", "2019-11-27 00:08:55.186676"]]
  ↳ app/controllers/users_controller.rb:17
  [1m[35m (1.4ms)[0m  [1m[35mCOMMIT[0m
  ↳ app/controllers/users_controller.rb:17
Redirected to http://localhost:3000/users/2
Completed 302 Found in 226ms (ActiveRecord: 2.6ms)


Started GET "/users/2" for ::1 at 2019-11-26 16:08:55 -0800
Processing by UsersController#show as HTML
  Parameters: {"id"=>"2"}
  [1m[36mUser Load (0.3ms)[0m  [1m[34mSELECT  "users".* FROM "users" WHERE "users"."session_token" IS NULL LIMIT $1[0m  [["LIMIT", 1]]
  ↳ app/controllers/application_controller.rb:5
Redirected to http://localhost:3000/session/new
Filter chain halted as :require_login rendered or redirected
Completed 302 Found in 2ms (ActiveRecord: 0.3ms)


Started GET "/session/new" for ::1 at 2019-11-26 16:08:55 -0800
Processing by SessionsController#new as HTML
  Rendering sessions/new.html.erb within layouts/application
  Rendered sessions/new.html.erb within layouts/application (0.3ms)
  [1m[36mUser Load (0.3ms)[0m  [1m[34mSELECT  "users".* FROM "users" WHERE "users"."session_token" IS NULL LIMIT $1[0m  [["LIMIT", 1]]
  ↳ app/controllers/application_controller.rb:5
Completed 200 OK in 24ms (Views: 23.1ms | ActiveRecord: 0.3ms)


Started GET "/session/new" for ::1 at 2019-11-26 16:10:10 -0800
Processing by SessionsController#new as HTML
  Rendering sessions/new.html.erb within layouts/application
  Rendered sessions/new.html.erb within layouts/application (0.3ms)
  [1m[36mUser Load (0.2ms)[0m  [1m[34mSELECT  "users".* FROM "users" WHERE "users"."session_token" IS NULL LIMIT $1[0m  [["LIMIT", 1]]
  ↳ app/controllers/application_controller.rb:5
Completed 200 OK in 27ms (Views: 24.9ms | ActiveRecord: 1.5ms)


Started GET "/session/new?authenticity_token=3rtxZbAme9M%2BE3ij1QoJDn9IjFrtGLQPy8NfEFrn0CyheIeV8dh0%2FBCQ1HkMqaUQ07ASRYHzCcbOsYHeW8FMqA%3D%3D" for ::1 at 2019-11-26 16:10:16 -0800
Processing by SessionsController#new as HTML
  Parameters: {"authenticity_token"=>"3rtxZbAme9M+E3ij1QoJDn9IjFrtGLQPy8NfEFrn0CyheIeV8dh0/BCQ1HkMqaUQ07ASRYHzCcbOsYHeW8FMqA=="}
  Rendering sessions/new.html.erb within layouts/application
  Rendered sessions/new.html.erb within layouts/application (0.4ms)
  [1m[36mUser Load (0.4ms)[0m  [1m[34mSELECT  "users".* FROM "users" WHERE "users"."session_token" IS NULL LIMIT $1[0m  [["LIMIT", 1]]
  ↳ app/controllers/application_controller.rb:5
Completed 200 OK in 31ms (Views: 29.6ms | ActiveRecord: 0.4ms)


Started GET "/session/new?authenticity_token=3rtxZbAme9M%2BE3ij1QoJDn9IjFrtGLQPy8NfEFrn0CyheIeV8dh0%2FBCQ1HkMqaUQ07ASRYHzCcbOsYHeW8FMqA%3D%3D" for ::1 at 2019-11-26 16:12:43 -0800
Processing by SessionsController#new as HTML
  Parameters: {"authenticity_token"=>"3rtxZbAme9M+E3ij1QoJDn9IjFrtGLQPy8NfEFrn0CyheIeV8dh0/BCQ1HkMqaUQ07ASRYHzCcbOsYHeW8FMqA=="}
  Rendering sessions/new.html.erb within layouts/application
  Rendered sessions/new.html.erb within layouts/application (0.4ms)
  [1m[36mUser Load (0.8ms)[0m  [1m[34mSELECT  "users".* FROM "users" WHERE "users"."session_token" IS NULL LIMIT $1[0m  [["LIMIT", 1]]
  ↳ app/controllers/application_controller.rb:5
Completed 200 OK in 33ms (Views: 29.7ms | ActiveRecord: 2.3ms)


Started GET "/session/new?user%5Bemail%5D=helenkei.cheung%40gmail.com&user%5Bpassword%5D=[FILTERED]&authenticity_token=betY2jYIo91T7t1IFDky0Bir5PHL6i0JVl%2BnJ%2FYcyVcSKK4qd%2Fas8n1tcZLNmp7OtFN67qcBkMBTLXnp9zpV0w%3D%3D" for ::1 at 2019-11-26 16:12:46 -0800
Processing by SessionsController#new as HTML
  Parameters: {"user"=>{"email"=>"helenkei.cheung@gmail.com", "password"=>"[FILTERED]"}, "authenticity_token"=>"betY2jYIo91T7t1IFDky0Bir5PHL6i0JVl+nJ/YcyVcSKK4qd/as8n1tcZLNmp7OtFN67qcBkMBTLXnp9zpV0w=="}
  Rendering sessions/new.html.erb within layouts/application
  Rendered sessions/new.html.erb within layouts/application (0.4ms)
  [1m[36mUser Load (0.3ms)[0m  [1m[34mSELECT  "users".* FROM "users" WHERE "users"."session_token" IS NULL LIMIT $1[0m  [["LIMIT", 1]]
  ↳ app/controllers/application_controller.rb:5
Completed 200 OK in 28ms (Views: 26.9ms | ActiveRecord: 0.3ms)


  [1m[36mUser Load (4.1ms)[0m  [1m[34mSELECT "users".* FROM "users"[0m
Started GET "/session/new?user%5Bemail%5D=helenkei.cheung%40gmail.com&user%5Bpassword%5D=[FILTERED]&authenticity_token=IasR4u4MEJ9ITuH8UvUmTPXFMz0pybR0ksNztT3PRcNeaOcSr%2FIfsGbNTSaLVopSWT2tIkUiCb2Xsa17POnZRw%3D%3D" for ::1 at 2019-11-26 16:14:02 -0800
Processing by SessionsController#new as HTML
  Parameters: {"user"=>{"email"=>"helenkei.cheung@gmail.com", "password"=>"[FILTERED]"}, "authenticity_token"=>"IasR4u4MEJ9ITuH8UvUmTPXFMz0pybR0ksNztT3PRcNeaOcSr/IfsGbNTSaLVopSWT2tIkUiCb2Xsa17POnZRw=="}
  Rendering sessions/new.html.erb within layouts/application
  Rendered sessions/new.html.erb within layouts/application (0.3ms)
  [1m[36mUser Load (0.2ms)[0m  [1m[34mSELECT  "users".* FROM "users" WHERE "users"."session_token" IS NULL LIMIT $1[0m  [["LIMIT", 1]]
  ↳ app/controllers/application_controller.rb:5
Completed 200 OK in 39ms (Views: 36.5ms | ActiveRecord: 1.7ms)


Started GET "/session/new?user%5Bemail%5D=helenkei.cheung%40gmail.com&user%5Bpassword%5D=[FILTERED]&authenticity_token=IasR4u4MEJ9ITuH8UvUmTPXFMz0pybR0ksNztT3PRcNeaOcSr%2FIfsGbNTSaLVopSWT2tIkUiCb2Xsa17POnZRw%3D%3D" for ::1 at 2019-11-26 16:14:35 -0800
Processing by SessionsController#new as HTML
  Parameters: {"user"=>{"email"=>"helenkei.cheung@gmail.com", "password"=>"[FILTERED]"}, "authenticity_token"=>"IasR4u4MEJ9ITuH8UvUmTPXFMz0pybR0ksNztT3PRcNeaOcSr/IfsGbNTSaLVopSWT2tIkUiCb2Xsa17POnZRw=="}
  Rendering sessions/new.html.erb within layouts/application
  Rendered sessions/new.html.erb within layouts/application (1.1ms)
  [1m[36mUser Load (0.2ms)[0m  [1m[34mSELECT  "users".* FROM "users" WHERE "users"."session_token" IS NULL LIMIT $1[0m  [["LIMIT", 1]]
  ↳ app/controllers/application_controller.rb:5
Completed 200 OK in 40ms (Views: 39.4ms | ActiveRecord: 0.2ms)


Started POST "/session" for ::1 at 2019-11-26 16:14:37 -0800
Processing by SessionsController#create as HTML
  Parameters: {"user"=>{"email"=>"helenkei.cheung@gmail.com", "password"=>"[FILTERED]"}, "authenticity_token"=>"Vxn/RrWoBHKLwkDWT1z1osRwrch56JN2Ft/pYAlxDdoo2gm29FYLXaVB7AyW/1m8aIgz1xUDLr8TrTeuCFeRXg=="}
  [1m[36mUser Load (0.4ms)[0m  [1m[34mSELECT  "users".* FROM "users" WHERE "users"."email" = $1 LIMIT $2[0m  [["email", "helenkei.cheung@gmail.com"], ["LIMIT", 1]]
  ↳ app/models/user.rb:30
  [1m[35m (0.3ms)[0m  [1m[35mBEGIN[0m
  ↳ app/models/user.rb:46
  [1m[36mUser Exists (0.3ms)[0m  [1m[34mSELECT  1 AS one FROM "users" WHERE "users"."email" = $1 AND "users"."id" != $2 LIMIT $3[0m  [["email", "helenkei.cheung@gmail.com"], ["id", 2], ["LIMIT", 1]]
  ↳ app/models/user.rb:46
  [1m[36mUser Exists (0.2ms)[0m  [1m[34mSELECT  1 AS one FROM "users" WHERE "users"."session_token" = $1 AND "users"."id" != $2 LIMIT $3[0m  [["session_token", "GovH4rMnjohiG4S0Ww_SyQ"], ["id", 2], ["LIMIT", 1]]
  ↳ app/models/user.rb:46
  [1m[36mUser Update (0.3ms)[0m  [1m[33mUPDATE "users" SET "session_token" = $1, "updated_at" = $2 WHERE "users"."id" = $3[0m  [["session_token", "GovH4rMnjohiG4S0Ww_SyQ"], ["updated_at", "2019-11-27 00:14:38.169928"], ["id", 2]]
  ↳ app/models/user.rb:46
  [1m[35m (0.5ms)[0m  [1m[35mCOMMIT[0m
  ↳ app/models/user.rb:46
Redirected to http://localhost:3000/users/2
Completed 302 Found in 227ms (ActiveRecord: 5.9ms)


Started GET "/users/2" for ::1 at 2019-11-26 16:14:38 -0800
Processing by UsersController#show as HTML
  Parameters: {"id"=>"2"}
  [1m[36mUser Load (0.2ms)[0m  [1m[34mSELECT  "users".* FROM "users" WHERE "users"."id" = $1 LIMIT $2[0m  [["id", 2], ["LIMIT", 1]]
  ↳ app/controllers/users_controller.rb:5
  Rendering users/show.html.erb within layouts/application
  Rendered users/show.html.erb within layouts/application (0.4ms)
  [1m[36mUser Load (0.3ms)[0m  [1m[34mSELECT  "users".* FROM "users" WHERE "users"."session_token" = $1 LIMIT $2[0m  [["session_token", "GovH4rMnjohiG4S0Ww_SyQ"], ["LIMIT", 1]]
  ↳ app/controllers/application_controller.rb:5
  [1m[36mCACHE User Load (0.0ms)[0m  [1m[34mSELECT  "users".* FROM "users" WHERE "users"."session_token" = $1 LIMIT $2[0m  [["session_token", "GovH4rMnjohiG4S0Ww_SyQ"], ["LIMIT", 1]]
  ↳ app/controllers/application_controller.rb:5
Completed 200 OK in 36ms (Views: 34.3ms | ActiveRecord: 0.5ms)


Started GET "/users/2" for ::1 at 2019-11-26 16:14:55 -0800
Processing by UsersController#show as HTML
  Parameters: {"id"=>"2"}
  [1m[36mUser Load (0.3ms)[0m  [1m[34mSELECT  "users".* FROM "users" WHERE "users"."id" = $1 LIMIT $2[0m  [["id", 2], ["LIMIT", 1]]
  ↳ app/controllers/users_controller.rb:5
  Rendering users/show.html.erb within layouts/application
  Rendered users/show.html.erb within layouts/application (0.3ms)
  [1m[36mUser Load (0.6ms)[0m  [1m[34mSELECT  "users".* FROM "users" WHERE "users"."session_token" = $1 LIMIT $2[0m  [["session_token", "GovH4rMnjohiG4S0Ww_SyQ"], ["LIMIT", 1]]
  ↳ app/controllers/application_controller.rb:5
  [1m[36mCACHE User Load (0.0ms)[0m  [1m[34mSELECT  "users".* FROM "users" WHERE "users"."session_token" = $1 LIMIT $2[0m  [["session_token", "GovH4rMnjohiG4S0Ww_SyQ"], ["LIMIT", 1]]
  ↳ app/controllers/application_controller.rb:5
Completed 200 OK in 53ms (Views: 50.0ms | ActiveRecord: 1.0ms)


Started GET "/users/2" for ::1 at 2019-11-26 16:15:14 -0800
Processing by UsersController#show as HTML
  Parameters: {"id"=>"2"}
  [1m[36mUser Load (0.3ms)[0m  [1m[34mSELECT  "users".* FROM "users" WHERE "users"."id" = $1 LIMIT $2[0m  [["id", 2], ["LIMIT", 1]]
  ↳ app/controllers/users_controller.rb:5
  Rendering users/show.html.erb within layouts/application
  Rendered users/show.html.erb within layouts/application (0.3ms)
  [1m[36mUser Load (0.4ms)[0m  [1m[34mSELECT  "users".* FROM "users" WHERE "users"."session_token" = $1 LIMIT $2[0m  [["session_token", "GovH4rMnjohiG4S0Ww_SyQ"], ["LIMIT", 1]]
  ↳ app/controllers/application_controller.rb:5
  [1m[36mCACHE User Load (0.0ms)[0m  [1m[34mSELECT  "users".* FROM "users" WHERE "users"."session_token" = $1 LIMIT $2[0m  [["session_token", "GovH4rMnjohiG4S0Ww_SyQ"], ["LIMIT", 1]]
  ↳ app/controllers/application_controller.rb:5
Completed 200 OK in 25ms (Views: 23.5ms | ActiveRecord: 0.7ms)


Started GET "/users/2" for ::1 at 2019-11-26 16:15:21 -0800
Processing by UsersController#show as HTML
  Parameters: {"id"=>"2"}
  [1m[36mUser Load (0.3ms)[0m  [1m[34mSELECT  "users".* FROM "users" WHERE "users"."id" = $1 LIMIT $2[0m  [["id", 2], ["LIMIT", 1]]
  ↳ app/controllers/users_controller.rb:5
  Rendering users/show.html.erb within layouts/application
  Rendered users/show.html.erb within layouts/application (0.3ms)
  [1m[36mUser Load (0.4ms)[0m  [1m[34mSELECT  "users".* FROM "users" WHERE "users"."session_token" = $1 LIMIT $2[0m  [["session_token", "GovH4rMnjohiG4S0Ww_SyQ"], ["LIMIT", 1]]
  ↳ app/controllers/application_controller.rb:5
  [1m[36mCACHE User Load (0.0ms)[0m  [1m[34mSELECT  "users".* FROM "users" WHERE "users"."session_token" = $1 LIMIT $2[0m  [["session_token", "GovH4rMnjohiG4S0Ww_SyQ"], ["LIMIT", 1]]
  ↳ app/controllers/application_controller.rb:5
Completed 200 OK in 24ms (Views: 21.9ms | ActiveRecord: 0.7ms)


Started GET "/users/2" for ::1 at 2019-11-26 16:15:22 -0800
Processing by UsersController#show as HTML
  Parameters: {"id"=>"2"}
  [1m[36mUser Load (1.0ms)[0m  [1m[34mSELECT  "users".* FROM "users" WHERE "users"."id" = $1 LIMIT $2[0m  [["id", 2], ["LIMIT", 1]]
  ↳ app/controllers/users_controller.rb:5
  Rendering users/show.html.erb within layouts/application
  Rendered users/show.html.erb within layouts/application (0.3ms)
  [1m[36mUser Load (0.3ms)[0m  [1m[34mSELECT  "users".* FROM "users" WHERE "users"."session_token" = $1 LIMIT $2[0m  [["session_token", "GovH4rMnjohiG4S0Ww_SyQ"], ["LIMIT", 1]]
  ↳ app/controllers/application_controller.rb:5
  [1m[36mCACHE User Load (0.0ms)[0m  [1m[34mSELECT  "users".* FROM "users" WHERE "users"."session_token" = $1 LIMIT $2[0m  [["session_token", "GovH4rMnjohiG4S0Ww_SyQ"], ["LIMIT", 1]]
  ↳ app/controllers/application_controller.rb:5
Completed 200 OK in 28ms (Views: 25.5ms | ActiveRecord: 1.3ms)


Started GET "/users/2" for ::1 at 2019-11-26 16:19:18 -0800
Processing by UsersController#show as HTML
  Parameters: {"id"=>"2"}
  [1m[36mUser Load (0.4ms)[0m  [1m[34mSELECT  "users".* FROM "users" WHERE "users"."id" = $1 LIMIT $2[0m  [["id", 2], ["LIMIT", 1]]
  ↳ app/controllers/users_controller.rb:5
  Rendering users/show.html.erb within layouts/application
  Rendered users/show.html.erb within layouts/application (0.3ms)
  [1m[36mUser Load (0.3ms)[0m  [1m[34mSELECT  "users".* FROM "users" WHERE "users"."session_token" = $1 LIMIT $2[0m  [["session_token", "GovH4rMnjohiG4S0Ww_SyQ"], ["LIMIT", 1]]
  ↳ app/controllers/application_controller.rb:5
  [1m[36mCACHE User Load (0.0ms)[0m  [1m[34mSELECT  "users".* FROM "users" WHERE "users"."session_token" = $1 LIMIT $2[0m  [["session_token", "GovH4rMnjohiG4S0Ww_SyQ"], ["LIMIT", 1]]
  ↳ app/controllers/application_controller.rb:5
Completed 200 OK in 29ms (Views: 27.4ms | ActiveRecord: 0.7ms)


Started DELETE "/session" for ::1 at 2019-11-26 16:19:20 -0800
Processing by SessionsController#destroy as HTML
  Parameters: {"authenticity_token"=>"sNE7MMR34nb4J5FxqvaJ0JaKeRxcvZGanQappvyMLtTPEs3AhYntWdakPatzVSXOOnLnAzBWLFOYdHdo/aqyUA=="}
  [1m[36mUser Load (0.3ms)[0m  [1m[34mSELECT  "users".* FROM "users" WHERE "users"."session_token" = $1 LIMIT $2[0m  [["session_token", "GovH4rMnjohiG4S0Ww_SyQ"], ["LIMIT", 1]]
  ↳ app/controllers/application_controller.rb:5
  [1m[35m (0.1ms)[0m  [1m[35mBEGIN[0m
  ↳ app/models/user.rb:46
  [1m[36mUser Exists (0.5ms)[0m  [1m[34mSELECT  1 AS one FROM "users" WHERE "users"."email" = $1 AND "users"."id" != $2 LIMIT $3[0m  [["email", "helenkei.cheung@gmail.com"], ["id", 2], ["LIMIT", 1]]
  ↳ app/models/user.rb:46
  [1m[36mUser Exists (0.4ms)[0m  [1m[34mSELECT  1 AS one FROM "users" WHERE "users"."session_token" = $1 AND "users"."id" != $2 LIMIT $3[0m  [["session_token", "wEnxoYpY8HnpoFXl3oQ_NA"], ["id", 2], ["LIMIT", 1]]
  ↳ app/models/user.rb:46
  [1m[36mUser Update (0.5ms)[0m  [1m[33mUPDATE "users" SET "session_token" = $1, "updated_at" = $2 WHERE "users"."id" = $3[0m  [["session_token", "wEnxoYpY8HnpoFXl3oQ_NA"], ["updated_at", "2019-11-27 00:19:20.616311"], ["id", 2]]
  ↳ app/models/user.rb:46
  [1m[35m (0.6ms)[0m  [1m[35mCOMMIT[0m
  ↳ app/models/user.rb:46
Redirected to http://localhost:3000/session/new
Completed 302 Found in 8ms (ActiveRecord: 2.4ms)


Started GET "/session/new" for ::1 at 2019-11-26 16:19:20 -0800
Processing by SessionsController#new as HTML
  Rendering sessions/new.html.erb within layouts/application
  Rendered sessions/new.html.erb within layouts/application (0.5ms)
  [1m[36mUser Load (0.2ms)[0m  [1m[34mSELECT  "users".* FROM "users" WHERE "users"."session_token" IS NULL LIMIT $1[0m  [["LIMIT", 1]]
  ↳ app/controllers/application_controller.rb:5
Completed 200 OK in 25ms (Views: 24.2ms | ActiveRecord: 0.2ms)


Started GET "/users/1" for ::1 at 2019-11-26 16:19:36 -0800
Processing by UsersController#show as HTML
  Parameters: {"id"=>"1"}
  [1m[36mUser Load (0.2ms)[0m  [1m[34mSELECT  "users".* FROM "users" WHERE "users"."session_token" IS NULL LIMIT $1[0m  [["LIMIT", 1]]
  ↳ app/controllers/application_controller.rb:5
Redirected to http://localhost:3000/session/new
Filter chain halted as :require_login rendered or redirected
Completed 302 Found in 8ms (ActiveRecord: 2.0ms)


Started GET "/session/new" for ::1 at 2019-11-26 16:19:36 -0800
Processing by SessionsController#new as HTML
  Rendering sessions/new.html.erb within layouts/application
  Rendered sessions/new.html.erb within layouts/application (0.5ms)
  [1m[36mUser Load (0.3ms)[0m  [1m[34mSELECT  "users".* FROM "users" WHERE "users"."session_token" IS NULL LIMIT $1[0m  [["LIMIT", 1]]
  ↳ app/controllers/application_controller.rb:5
Completed 200 OK in 30ms (Views: 29.4ms | ActiveRecord: 0.3ms)


Started POST "/session" for ::1 at 2019-11-26 16:19:40 -0800
Processing by SessionsController#create as HTML
  Parameters: {"user"=>{"email"=>"cheung_helenkei@hotmail.com", "password"=>"[FILTERED]"}, "authenticity_token"=>"1HKhcLsKpg1xjseB1Nd2FpVFce8wwpl85PVn5GbCbLOrsVeA+vSpIl8Na1sNdNoIOb3v8FwpJLXhh7kqZ+TwNw=="}
  [1m[36mUser Load (0.4ms)[0m  [1m[34mSELECT  "users".* FROM "users" WHERE "users"."email" = $1 LIMIT $2[0m  [["email", "cheung_helenkei@hotmail.com"], ["LIMIT", 1]]
  ↳ app/models/user.rb:30
  [1m[35m (0.1ms)[0m  [1m[35mBEGIN[0m
  ↳ app/models/user.rb:46
  [1m[36mUser Exists (0.3ms)[0m  [1m[34mSELECT  1 AS one FROM "users" WHERE "users"."email" = $1 AND "users"."id" != $2 LIMIT $3[0m  [["email", "cheung_helenkei@hotmail.com"], ["id", 1], ["LIMIT", 1]]
  ↳ app/models/user.rb:46
  [1m[36mUser Exists (0.3ms)[0m  [1m[34mSELECT  1 AS one FROM "users" WHERE "users"."session_token" = $1 AND "users"."id" != $2 LIMIT $3[0m  [["session_token", "1dPf_FHDnxFZ32pTHPiVcw"], ["id", 1], ["LIMIT", 1]]
  ↳ app/models/user.rb:46
  [1m[36mUser Update (0.6ms)[0m  [1m[33mUPDATE "users" SET "session_token" = $1, "updated_at" = $2 WHERE "users"."id" = $3[0m  [["session_token", "1dPf_FHDnxFZ32pTHPiVcw"], ["updated_at", "2019-11-27 00:19:41.035471"], ["id", 1]]
  ↳ app/models/user.rb:46
  [1m[35m (0.7ms)[0m  [1m[35mCOMMIT[0m
  ↳ app/models/user.rb:46
Redirected to http://localhost:3000/users/1
Completed 302 Found in 227ms (ActiveRecord: 6.6ms)


Started GET "/users/1" for ::1 at 2019-11-26 16:19:41 -0800
Processing by UsersController#show as HTML
  Parameters: {"id"=>"1"}
  [1m[36mUser Load (0.2ms)[0m  [1m[34mSELECT  "users".* FROM "users" WHERE "users"."session_token" = $1 LIMIT $2[0m  [["session_token", "1dPf_FHDnxFZ32pTHPiVcw"], ["LIMIT", 1]]
  ↳ app/controllers/application_controller.rb:5
  [1m[36mUser Load (0.1ms)[0m  [1m[34mSELECT  "users".* FROM "users" WHERE "users"."id" = $1 LIMIT $2[0m  [["id", 1], ["LIMIT", 1]]
  ↳ app/controllers/users_controller.rb:5
  Rendering users/show.html.erb within layouts/application
  Rendered users/show.html.erb within layouts/application (0.4ms)
  [1m[36mCACHE User Load (0.0ms)[0m  [1m[34mSELECT  "users".* FROM "users" WHERE "users"."session_token" = $1 LIMIT $2[0m  [["session_token", "1dPf_FHDnxFZ32pTHPiVcw"], ["LIMIT", 1]]
  ↳ app/controllers/application_controller.rb:5
  [1m[36mCACHE User Load (0.0ms)[0m  [1m[34mSELECT  "users".* FROM "users" WHERE "users"."session_token" = $1 LIMIT $2[0m  [["session_token", "1dPf_FHDnxFZ32pTHPiVcw"], ["LIMIT", 1]]
  ↳ app/controllers/application_controller.rb:5
Completed 200 OK in 32ms (Views: 30.1ms | ActiveRecord: 0.3ms)


Started DELETE "/session" for ::1 at 2019-11-26 16:19:45 -0800
Processing by SessionsController#destroy as HTML
  Parameters: {"authenticity_token"=>"Tj2/HRkZd+QraVnavAiOZaYkgRAlI1r4GIfXEsYDiaYx/kntWOd4ywXq9QBlqyJ7CtwfD0nI5zEd9QncxyUVIg=="}
  [1m[36mUser Load (0.3ms)[0m  [1m[34mSELECT  "users".* FROM "users" WHERE "users"."session_token" = $1 LIMIT $2[0m  [["session_token", "1dPf_FHDnxFZ32pTHPiVcw"], ["LIMIT", 1]]
  ↳ app/controllers/application_controller.rb:5
  [1m[35m (0.2ms)[0m  [1m[35mBEGIN[0m
  ↳ app/models/user.rb:46
  [1m[36mUser Exists (0.4ms)[0m  [1m[34mSELECT  1 AS one FROM "users" WHERE "users"."email" = $1 AND "users"."id" != $2 LIMIT $3[0m  [["email", "cheung_helenkei@hotmail.com"], ["id", 1], ["LIMIT", 1]]
  ↳ app/models/user.rb:46
  [1m[36mUser Exists (0.4ms)[0m  [1m[34mSELECT  1 AS one FROM "users" WHERE "users"."session_token" = $1 AND "users"."id" != $2 LIMIT $3[0m  [["session_token", "53okzLph1JqO-owjr5nOOw"], ["id", 1], ["LIMIT", 1]]
  ↳ app/models/user.rb:46
  [1m[36mUser Update (0.5ms)[0m  [1m[33mUPDATE "users" SET "session_token" = $1, "updated_at" = $2 WHERE "users"."id" = $3[0m  [["session_token", "53okzLph1JqO-owjr5nOOw"], ["updated_at", "2019-11-27 00:19:45.330479"], ["id", 1]]
  ↳ app/models/user.rb:46
  [1m[35m (0.4ms)[0m  [1m[35mCOMMIT[0m
  ↳ app/models/user.rb:46
Redirected to http://localhost:3000/session/new
Completed 302 Found in 8ms (ActiveRecord: 2.3ms)


Started GET "/session/new" for ::1 at 2019-11-26 16:19:45 -0800
Processing by SessionsController#new as HTML
  Rendering sessions/new.html.erb within layouts/application
  Rendered sessions/new.html.erb within layouts/application (0.7ms)
  [1m[36mUser Load (0.3ms)[0m  [1m[34mSELECT  "users".* FROM "users" WHERE "users"."session_token" IS NULL LIMIT $1[0m  [["LIMIT", 1]]
  ↳ app/controllers/application_controller.rb:5
Completed 200 OK in 37ms (Views: 35.7ms | ActiveRecord: 0.3ms)


Started GET "/users/new?authenticity_token=1VWuwEZJeWUREh7uy92g7paTRZbg5hfHNfCqP9n8Xi%2BqllgwB7d2Sj%2BRsjQSfgzwOmvbiYwNqg4wgnTx2NrCqw%3D%3D" for ::1 at 2019-11-26 16:19:54 -0800
Processing by UsersController#new as HTML
  Parameters: {"authenticity_token"=>"1VWuwEZJeWUREh7uy92g7paTRZbg5hfHNfCqP9n8Xi+qllgwB7d2Sj+RsjQSfgzwOmvbiYwNqg4wgnTx2NrCqw=="}
  Rendering users/new.html.erb within layouts/application
  Rendered users/new.html.erb within layouts/application (0.6ms)
  [1m[36mUser Load (0.3ms)[0m  [1m[34mSELECT  "users".* FROM "users" WHERE "users"."session_token" IS NULL LIMIT $1[0m  [["LIMIT", 1]]
  ↳ app/controllers/application_controller.rb:5
Completed 200 OK in 26ms (Views: 24.4ms | ActiveRecord: 0.3ms)


Started POST "/users" for ::1 at 2019-11-26 16:19:59 -0800
Processing by UsersController#create as HTML
  Parameters: {"user"=>{"email"=>"helenkei.cheung@gmail.com", "password"=>"[FILTERED]"}, "authenticity_token"=>"G3Yf2YZazk/R3YzzyyM3gOOao/0+Py8OkFqgZhutcv5ktekpx6TBYP9eICkSgJueT2I94lLUkseVKH6oGovueg=="}
  [1m[35m (0.1ms)[0m  [1m[35mBEGIN[0m
  ↳ app/controllers/users_controller.rb:17
  [1m[36mUser Exists (0.4ms)[0m  [1m[34mSELECT  1 AS one FROM "users" WHERE "users"."email" = $1 LIMIT $2[0m  [["email", "helenkei.cheung@gmail.com"], ["LIMIT", 1]]
  ↳ app/controllers/users_controller.rb:17
  [1m[36mUser Exists (0.3ms)[0m  [1m[34mSELECT  1 AS one FROM "users" WHERE "users"."session_token" = $1 LIMIT $2[0m  [["session_token", "KblvwZvA_4KislzYcKC0FQ"], ["LIMIT", 1]]
  ↳ app/controllers/users_controller.rb:17
  [1m[35m (0.1ms)[0m  [1m[31mROLLBACK[0m
  ↳ app/controllers/users_controller.rb:17
  Rendering users/new.html.erb within layouts/application
  Rendered users/new.html.erb within layouts/application (4.6ms)
Completed 500 Internal Server Error in 220ms (ActiveRecord: 0.9ms)



NoMethodError - undefined method `email' for nil:NilClass:
  app/views/users/new.html.erb:5:in `_app_views_users_new_html_erb___888649930057975446_70240199418460'
  app/controllers/users_controller.rb:21:in `create'

Started POST "/__better_errors/54cb801ed4b8edfe/variables" for ::1 at 2019-11-26 16:20:00 -0800
Started POST "/users" for ::1 at 2019-11-26 16:21:04 -0800
Processing by UsersController#create as HTML
  Parameters: {"user"=>{"email"=>"helenkei.cheung@gmail.com", "password"=>"[FILTERED]"}, "authenticity_token"=>"G3Yf2YZazk/R3YzzyyM3gOOao/0+Py8OkFqgZhutcv5ktekpx6TBYP9eICkSgJueT2I94lLUkseVKH6oGovueg=="}
  [1m[35m (0.1ms)[0m  [1m[35mBEGIN[0m
  ↳ app/controllers/users_controller.rb:17
  [1m[36mUser Exists (0.3ms)[0m  [1m[34mSELECT  1 AS one FROM "users" WHERE "users"."email" = $1 LIMIT $2[0m  [["email", "helenkei.cheung@gmail.com"], ["LIMIT", 1]]
  ↳ app/controllers/users_controller.rb:17
  [1m[36mUser Exists (0.3ms)[0m  [1m[34mSELECT  1 AS one FROM "users" WHERE "users"."session_token" = $1 LIMIT $2[0m  [["session_token", "RUMuaynV3egVx2hxzFPwRQ"], ["LIMIT", 1]]
  ↳ app/controllers/users_controller.rb:17
  [1m[35m (0.1ms)[0m  [1m[31mROLLBACK[0m
  ↳ app/controllers/users_controller.rb:17
Redirected to http://localhost:3000/users/new
Completed 302 Found in 223ms (ActiveRecord: 6.6ms)


Started GET "/users/new" for ::1 at 2019-11-26 16:21:05 -0800
Processing by UsersController#new as HTML
  Rendering users/new.html.erb within layouts/application
  Rendered users/new.html.erb within layouts/application (0.6ms)
  [1m[36mUser Load (0.2ms)[0m  [1m[34mSELECT  "users".* FROM "users" WHERE "users"."session_token" IS NULL LIMIT $1[0m  [["LIMIT", 1]]
  ↳ app/controllers/application_controller.rb:5
Completed 200 OK in 28ms (Views: 27.6ms | ActiveRecord: 0.2ms)


Started POST "/users" for ::1 at 2019-11-26 16:21:09 -0800
Processing by UsersController#create as HTML
  Parameters: {"user"=>{"email"=>"cheung_helenkei@hotmail.com", "password"=>"[FILTERED]"}, "authenticity_token"=>"NiIhY267CMSCTYl+x5CgqFTc/3+Y/UY6Zlqzrm9w2xZJ4deTL0UH66zOJaQeMwy2+CRhYPQW+/NjKG1gblZHkg=="}
  [1m[35m (0.2ms)[0m  [1m[35mBEGIN[0m
  ↳ app/controllers/users_controller.rb:17
  [1m[36mUser Exists (0.3ms)[0m  [1m[34mSELECT  1 AS one FROM "users" WHERE "users"."email" = $1 LIMIT $2[0m  [["email", "cheung_helenkei@hotmail.com"], ["LIMIT", 1]]
  ↳ app/controllers/users_controller.rb:17
  [1m[36mUser Exists (0.2ms)[0m  [1m[34mSELECT  1 AS one FROM "users" WHERE "users"."session_token" = $1 LIMIT $2[0m  [["session_token", "dQZlhbYnvZQtVnvNk2aV6A"], ["LIMIT", 1]]
  ↳ app/controllers/users_controller.rb:17
  [1m[35m (0.1ms)[0m  [1m[31mROLLBACK[0m
  ↳ app/controllers/users_controller.rb:17
Redirected to http://localhost:3000/users/new
Completed 302 Found in 217ms (ActiveRecord: 0.8ms)


Started GET "/users/new" for ::1 at 2019-11-26 16:21:09 -0800
Processing by UsersController#new as HTML
  Rendering users/new.html.erb within layouts/application
  Rendered users/new.html.erb within layouts/application (0.4ms)
  [1m[36mUser Load (0.2ms)[0m  [1m[34mSELECT  "users".* FROM "users" WHERE "users"."session_token" IS NULL LIMIT $1[0m  [["LIMIT", 1]]
  ↳ app/controllers/application_controller.rb:5
Completed 200 OK in 28ms (Views: 27.2ms | ActiveRecord: 0.2ms)


Started GET "/session/new?authenticity_token=HwEB2GFE3QHHL99HXkc9Rk5KNbTqpMNiojUsew1XS2hgwvcoILrSLumsc52H5JFY4rKrq4ZPfqunR%2FK1DHHX7A%3D%3D" for ::1 at 2019-11-26 16:21:12 -0800
Processing by SessionsController#new as HTML
  Parameters: {"authenticity_token"=>"HwEB2GFE3QHHL99HXkc9Rk5KNbTqpMNiojUsew1XS2hgwvcoILrSLumsc52H5JFY4rKrq4ZPfqunR/K1DHHX7A=="}
  Rendering sessions/new.html.erb within layouts/application
  Rendered sessions/new.html.erb within layouts/application (0.6ms)
  [1m[36mUser Load (0.3ms)[0m  [1m[34mSELECT  "users".* FROM "users" WHERE "users"."session_token" IS NULL LIMIT $1[0m  [["LIMIT", 1]]
  ↳ app/controllers/application_controller.rb:5
Completed 200 OK in 32ms (Views: 31.2ms | ActiveRecord: 0.3ms)


Started POST "/session" for ::1 at 2019-11-26 16:21:15 -0800
Processing by SessionsController#create as HTML
  Parameters: {"user"=>{"email"=>"helenkei.cheung@gmail.com", "password"=>"[FILTERED]"}, "authenticity_token"=>"nRkmKj64zSZY4qEM/WEMRYAeOf+Sao/325wTfIgtLavi2tDaf0bCCXZhDdYkwqBbLOan4P6BMj7e7s2yiQuxLw=="}
  [1m[36mUser Load (0.4ms)[0m  [1m[34mSELECT  "users".* FROM "users" WHERE "users"."email" = $1 LIMIT $2[0m  [["email", "helenkei.cheung@gmail.com"], ["LIMIT", 1]]
  ↳ app/models/user.rb:30
Redirected to http://localhost:3000/session/new
Completed 302 Found in 209ms (ActiveRecord: 0.4ms)


Started GET "/session/new" for ::1 at 2019-11-26 16:21:15 -0800
Processing by SessionsController#new as HTML
  Rendering sessions/new.html.erb within layouts/application
  Rendered sessions/new.html.erb within layouts/application (0.5ms)
  [1m[36mUser Load (0.2ms)[0m  [1m[34mSELECT  "users".* FROM "users" WHERE "users"."session_token" IS NULL LIMIT $1[0m  [["LIMIT", 1]]
  ↳ app/controllers/application_controller.rb:5
Completed 200 OK in 30ms (Views: 29.6ms | ActiveRecord: 0.2ms)


Started GET "/session/new" for ::1 at 2019-11-26 16:37:40 -0800
Processing by SessionsController#new as HTML
  Rendering sessions/new.html.erb within layouts/application
  Rendered sessions/new.html.erb within layouts/application (0.4ms)
  [1m[36mUser Load (0.8ms)[0m  [1m[34mSELECT  "users".* FROM "users" WHERE "users"."session_token" IS NULL LIMIT $1[0m  [["LIMIT", 1]]
  ↳ app/controllers/application_controller.rb:5
Completed 200 OK in 48ms (Views: 46.0ms | ActiveRecord: 1.1ms)


Started POST "/session" for ::1 at 2019-11-26 16:37:46 -0800
Processing by SessionsController#create as HTML
  Parameters: {"user"=>{"email"=>"helenkei.cheung@gmail.com", "password"=>"[FILTERED]"}, "authenticity_token"=>"4OymvfCdvfT2dc5WQNNFuuikfDAwTRc+veCjiprDYj2fL1BNsWOy29j2YoyZcOmkRFziL1ymqve4kn1Em+X+uQ=="}
  [1m[36mUser Load (0.5ms)[0m  [1m[34mSELECT  "users".* FROM "users" WHERE "users"."email" = $1 LIMIT $2[0m  [["email", "helenkei.cheung@gmail.com"], ["LIMIT", 1]]
  ↳ app/models/user.rb:30
  [1m[35m (0.4ms)[0m  [1m[35mBEGIN[0m
  ↳ app/models/user.rb:46
  [1m[36mUser Exists (0.5ms)[0m  [1m[34mSELECT  1 AS one FROM "users" WHERE "users"."email" = $1 AND "users"."id" != $2 LIMIT $3[0m  [["email", "helenkei.cheung@gmail.com"], ["id", 2], ["LIMIT", 1]]
  ↳ app/models/user.rb:46
  [1m[36mUser Exists (0.4ms)[0m  [1m[34mSELECT  1 AS one FROM "users" WHERE "users"."session_token" = $1 AND "users"."id" != $2 LIMIT $3[0m  [["session_token", "NsL3lasUAOL1I7WzxawYGw"], ["id", 2], ["LIMIT", 1]]
  ↳ app/models/user.rb:46
  [1m[36mUser Update (0.8ms)[0m  [1m[33mUPDATE "users" SET "session_token" = $1, "updated_at" = $2 WHERE "users"."id" = $3[0m  [["session_token", "NsL3lasUAOL1I7WzxawYGw"], ["updated_at", "2019-11-27 00:37:46.992180"], ["id", 2]]
  ↳ app/models/user.rb:46
  [1m[35m (1.6ms)[0m  [1m[35mCOMMIT[0m
  ↳ app/models/user.rb:46
Redirected to http://localhost:3000/users/2
Completed 302 Found in 221ms (ActiveRecord: 4.3ms)


Started GET "/users/2" for ::1 at 2019-11-26 16:37:47 -0800
Processing by UsersController#show as HTML
  Parameters: {"id"=>"2"}
  [1m[36mUser Load (0.3ms)[0m  [1m[34mSELECT  "users".* FROM "users" WHERE "users"."session_token" = $1 LIMIT $2[0m  [["session_token", "NsL3lasUAOL1I7WzxawYGw"], ["LIMIT", 1]]
  ↳ app/controllers/application_controller.rb:5
  [1m[36mUser Load (0.2ms)[0m  [1m[34mSELECT  "users".* FROM "users" WHERE "users"."id" = $1 LIMIT $2[0m  [["id", 2], ["LIMIT", 1]]
  ↳ app/controllers/users_controller.rb:5
  Rendering users/show.html.erb within layouts/application
  Rendered users/show.html.erb within layouts/application (0.3ms)
  [1m[36mCACHE User Load (0.0ms)[0m  [1m[34mSELECT  "users".* FROM "users" WHERE "users"."session_token" = $1 LIMIT $2[0m  [["session_token", "NsL3lasUAOL1I7WzxawYGw"], ["LIMIT", 1]]
  ↳ app/controllers/application_controller.rb:5
  [1m[36mCACHE User Load (0.0ms)[0m  [1m[34mSELECT  "users".* FROM "users" WHERE "users"."session_token" = $1 LIMIT $2[0m  [["session_token", "NsL3lasUAOL1I7WzxawYGw"], ["LIMIT", 1]]
  ↳ app/controllers/application_controller.rb:5
Completed 200 OK in 28ms (Views: 24.5ms | ActiveRecord: 0.5ms)


Started GET "/users/2" for ::1 at 2019-11-26 16:38:06 -0800
Processing by UsersController#show as HTML
  Parameters: {"id"=>"2"}
  [1m[36mUser Load (0.5ms)[0m  [1m[34mSELECT  "users".* FROM "users" WHERE "users"."session_token" = $1 LIMIT $2[0m  [["session_token", "NsL3lasUAOL1I7WzxawYGw"], ["LIMIT", 1]]
  ↳ app/controllers/application_controller.rb:5
  [1m[36mUser Load (0.5ms)[0m  [1m[34mSELECT  "users".* FROM "users" WHERE "users"."id" = $1 LIMIT $2[0m  [["id", 2], ["LIMIT", 1]]
  ↳ app/controllers/users_controller.rb:5
  Rendering users/show.html.erb within layouts/application
  Rendered users/show.html.erb within layouts/application (0.3ms)
  [1m[36mCACHE User Load (0.0ms)[0m  [1m[34mSELECT  "users".* FROM "users" WHERE "users"."session_token" = $1 LIMIT $2[0m  [["session_token", "NsL3lasUAOL1I7WzxawYGw"], ["LIMIT", 1]]
  ↳ app/controllers/application_controller.rb:5
  [1m[36mCACHE User Load (0.0ms)[0m  [1m[34mSELECT  "users".* FROM "users" WHERE "users"."session_token" = $1 LIMIT $2[0m  [["session_token", "NsL3lasUAOL1I7WzxawYGw"], ["LIMIT", 1]]
  ↳ app/controllers/application_controller.rb:5
Completed 200 OK in 42ms (Views: 39.3ms | ActiveRecord: 1.0ms)


Started GET "/session/new" for ::1 at 2019-11-26 16:38:10 -0800
Processing by SessionsController#new as HTML
  Rendering sessions/new.html.erb within layouts/application
  Rendered sessions/new.html.erb within layouts/application (0.5ms)
  [1m[36mUser Load (0.3ms)[0m  [1m[34mSELECT  "users".* FROM "users" WHERE "users"."session_token" = $1 LIMIT $2[0m  [["session_token", "NsL3lasUAOL1I7WzxawYGw"], ["LIMIT", 1]]
  ↳ app/controllers/application_controller.rb:5
  [1m[36mCACHE User Load (0.0ms)[0m  [1m[34mSELECT  "users".* FROM "users" WHERE "users"."session_token" = $1 LIMIT $2[0m  [["session_token", "NsL3lasUAOL1I7WzxawYGw"], ["LIMIT", 1]]
  ↳ app/controllers/application_controller.rb:5
Completed 200 OK in 28ms (Views: 27.5ms | ActiveRecord: 0.3ms)


Started DELETE "/session" for ::1 at 2019-11-26 16:38:12 -0800
Processing by SessionsController#destroy as HTML
  Parameters: {"authenticity_token"=>"ltAX7gKacAZQ6z7C/3wcbyw3enIQ7eTuSuhfzdH3snjpE+EeQ2R/KX5okhgm37BxgM/kbXwGWSdPmoED0NEu/A=="}
  [1m[36mUser Load (0.5ms)[0m  [1m[34mSELECT  "users".* FROM "users" WHERE "users"."session_token" = $1 LIMIT $2[0m  [["session_token", "NsL3lasUAOL1I7WzxawYGw"], ["LIMIT", 1]]
  ↳ app/controllers/application_controller.rb:5
  [1m[35m (0.1ms)[0m  [1m[35mBEGIN[0m
  ↳ app/models/user.rb:46
  [1m[36mUser Exists (0.4ms)[0m  [1m[34mSELECT  1 AS one FROM "users" WHERE "users"."email" = $1 AND "users"."id" != $2 LIMIT $3[0m  [["email", "helenkei.cheung@gmail.com"], ["id", 2], ["LIMIT", 1]]
  ↳ app/models/user.rb:46
  [1m[36mUser Exists (0.3ms)[0m  [1m[34mSELECT  1 AS one FROM "users" WHERE "users"."session_token" = $1 AND "users"."id" != $2 LIMIT $3[0m  [["session_token", "Agoz9luWzIV-jIwgAUNrag"], ["id", 2], ["LIMIT", 1]]
  ↳ app/models/user.rb:46
  [1m[36mUser Update (0.3ms)[0m  [1m[33mUPDATE "users" SET "session_token" = $1, "updated_at" = $2 WHERE "users"."id" = $3[0m  [["session_token", "Agoz9luWzIV-jIwgAUNrag"], ["updated_at", "2019-11-27 00:38:12.191581"], ["id", 2]]
  ↳ app/models/user.rb:46
  [1m[35m (0.5ms)[0m  [1m[35mCOMMIT[0m
  ↳ app/models/user.rb:46
Redirected to http://localhost:3000/session/new
Completed 302 Found in 7ms (ActiveRecord: 2.2ms)


Started GET "/session/new" for ::1 at 2019-11-26 16:38:12 -0800
Processing by SessionsController#new as HTML
  Rendering sessions/new.html.erb within layouts/application
  Rendered sessions/new.html.erb within layouts/application (0.5ms)
  [1m[36mUser Load (0.3ms)[0m  [1m[34mSELECT  "users".* FROM "users" WHERE "users"."session_token" IS NULL LIMIT $1[0m  [["LIMIT", 1]]
  ↳ app/controllers/application_controller.rb:5
Completed 200 OK in 30ms (Views: 29.0ms | ActiveRecord: 0.3ms)


Started GET "/session/new" for ::1 at 2019-11-26 16:40:24 -0800
Processing by SessionsController#new as HTML
  Rendering sessions/new.html.erb within layouts/application
  Rendered sessions/new.html.erb within layouts/application (0.4ms)
  [1m[36mUser Load (0.3ms)[0m  [1m[34mSELECT  "users".* FROM "users" WHERE "users"."session_token" IS NULL LIMIT $1[0m  [["LIMIT", 1]]
  ↳ app/controllers/application_controller.rb:5
Completed 200 OK in 33ms (Views: 32.6ms | ActiveRecord: 0.3ms)


Started POST "/session" for ::1 at 2019-11-26 16:40:34 -0800
Processing by SessionsController#create as HTML
  Parameters: {"user"=>{"email"=>"helenkei.cheung@gmail.com", "password"=>"[FILTERED]"}, "authenticity_token"=>"aMHCFd2eMalemJITBH13ZoPSCG5vV3blhSmA6s6wz/8XAjTlnGA+hnAbPsnd3tt4LyqWcQO8yyyAW14kz5ZTew=="}
  [1m[36mUser Load (0.4ms)[0m  [1m[34mSELECT  "users".* FROM "users" WHERE "users"."email" = $1 LIMIT $2[0m  [["email", "helenkei.cheung@gmail.com"], ["LIMIT", 1]]
  ↳ app/models/user.rb:30
  [1m[35m (0.2ms)[0m  [1m[35mBEGIN[0m
  ↳ app/models/user.rb:46
  [1m[36mUser Exists (0.4ms)[0m  [1m[34mSELECT  1 AS one FROM "users" WHERE "users"."email" = $1 AND "users"."id" != $2 LIMIT $3[0m  [["email", "helenkei.cheung@gmail.com"], ["id", 2], ["LIMIT", 1]]
  ↳ app/models/user.rb:46
  [1m[36mUser Exists (0.2ms)[0m  [1m[34mSELECT  1 AS one FROM "users" WHERE "users"."session_token" = $1 AND "users"."id" != $2 LIMIT $3[0m  [["session_token", "Hy0C3Cl52bMhUirPiYVzbQ"], ["id", 2], ["LIMIT", 1]]
  ↳ app/models/user.rb:46
  [1m[36mUser Update (0.3ms)[0m  [1m[33mUPDATE "users" SET "session_token" = $1, "updated_at" = $2 WHERE "users"."id" = $3[0m  [["session_token", "Hy0C3Cl52bMhUirPiYVzbQ"], ["updated_at", "2019-11-27 00:40:34.702222"], ["id", 2]]
  ↳ app/models/user.rb:46
  [1m[35m (0.5ms)[0m  [1m[35mCOMMIT[0m
  ↳ app/models/user.rb:46
Redirected to http://localhost:3000/users/2
Completed 302 Found in 215ms (ActiveRecord: 1.9ms)


Started GET "/users/2" for ::1 at 2019-11-26 16:40:34 -0800
Processing by UsersController#show as HTML
  Parameters: {"id"=>"2"}
  [1m[36mUser Load (0.3ms)[0m  [1m[34mSELECT  "users".* FROM "users" WHERE "users"."session_token" = $1 LIMIT $2[0m  [["session_token", "Hy0C3Cl52bMhUirPiYVzbQ"], ["LIMIT", 1]]
  ↳ app/controllers/application_controller.rb:5
  [1m[36mUser Load (0.3ms)[0m  [1m[34mSELECT  "users".* FROM "users" WHERE "users"."id" = $1 LIMIT $2[0m  [["id", 2], ["LIMIT", 1]]
  ↳ app/controllers/users_controller.rb:5
  Rendering users/show.html.erb within layouts/application
  Rendered users/show.html.erb within layouts/application (0.3ms)
  [1m[36mCACHE User Load (0.0ms)[0m  [1m[34mSELECT  "users".* FROM "users" WHERE "users"."session_token" = $1 LIMIT $2[0m  [["session_token", "Hy0C3Cl52bMhUirPiYVzbQ"], ["LIMIT", 1]]
  ↳ app/controllers/application_controller.rb:5
  [1m[36mCACHE User Load (0.0ms)[0m  [1m[34mSELECT  "users".* FROM "users" WHERE "users"."session_token" = $1 LIMIT $2[0m  [["session_token", "Hy0C3Cl52bMhUirPiYVzbQ"], ["LIMIT", 1]]
  ↳ app/controllers/application_controller.rb:5
Completed 200 OK in 26ms (Views: 24.0ms | ActiveRecord: 0.6ms)


Started GET "/users/2" for ::1 at 2019-11-26 16:40:41 -0800
Processing by UsersController#show as HTML
  Parameters: {"id"=>"2"}
  [1m[36mUser Load (0.4ms)[0m  [1m[34mSELECT  "users".* FROM "users" WHERE "users"."session_token" = $1 LIMIT $2[0m  [["session_token", "Hy0C3Cl52bMhUirPiYVzbQ"], ["LIMIT", 1]]
  ↳ app/controllers/application_controller.rb:5
  [1m[36mUser Load (0.3ms)[0m  [1m[34mSELECT  "users".* FROM "users" WHERE "users"."id" = $1 LIMIT $2[0m  [["id", 2], ["LIMIT", 1]]
  ↳ app/controllers/users_controller.rb:5
  Rendering users/show.html.erb within layouts/application
  Rendered users/show.html.erb within layouts/application (0.3ms)
  [1m[36mCACHE User Load (0.0ms)[0m  [1m[34mSELECT  "users".* FROM "users" WHERE "users"."session_token" = $1 LIMIT $2[0m  [["session_token", "Hy0C3Cl52bMhUirPiYVzbQ"], ["LIMIT", 1]]
  ↳ app/controllers/application_controller.rb:5
  [1m[36mCACHE User Load (0.0ms)[0m  [1m[34mSELECT  "users".* FROM "users" WHERE "users"."session_token" = $1 LIMIT $2[0m  [["session_token", "Hy0C3Cl52bMhUirPiYVzbQ"], ["LIMIT", 1]]
  ↳ app/controllers/application_controller.rb:5
Completed 200 OK in 39ms (Views: 35.9ms | ActiveRecord: 0.8ms)


Started GET "/users/2" for ::1 at 2019-11-26 16:40:42 -0800
Processing by UsersController#show as HTML
  Parameters: {"id"=>"2"}
  [1m[36mUser Load (0.2ms)[0m  [1m[34mSELECT  "users".* FROM "users" WHERE "users"."session_token" = $1 LIMIT $2[0m  [["session_token", "Hy0C3Cl52bMhUirPiYVzbQ"], ["LIMIT", 1]]
  ↳ app/controllers/application_controller.rb:5
  [1m[36mUser Load (0.2ms)[0m  [1m[34mSELECT  "users".* FROM "users" WHERE "users"."id" = $1 LIMIT $2[0m  [["id", 2], ["LIMIT", 1]]
  ↳ app/controllers/users_controller.rb:5
  Rendering users/show.html.erb within layouts/application
  Rendered users/show.html.erb within layouts/application (0.3ms)
  [1m[36mCACHE User Load (0.0ms)[0m  [1m[34mSELECT  "users".* FROM "users" WHERE "users"."session_token" = $1 LIMIT $2[0m  [["session_token", "Hy0C3Cl52bMhUirPiYVzbQ"], ["LIMIT", 1]]
  ↳ app/controllers/application_controller.rb:5
  [1m[36mCACHE User Load (0.0ms)[0m  [1m[34mSELECT  "users".* FROM "users" WHERE "users"."session_token" = $1 LIMIT $2[0m  [["session_token", "Hy0C3Cl52bMhUirPiYVzbQ"], ["LIMIT", 1]]
  ↳ app/controllers/application_controller.rb:5
Completed 200 OK in 22ms (Views: 20.6ms | ActiveRecord: 0.4ms)


Started GET "/users/2" for ::1 at 2019-11-26 16:41:04 -0800
Processing by UsersController#show as HTML
  Parameters: {"id"=>"2"}
  [1m[36mUser Load (0.3ms)[0m  [1m[34mSELECT  "users".* FROM "users" WHERE "users"."session_token" = $1 LIMIT $2[0m  [["session_token", "Hy0C3Cl52bMhUirPiYVzbQ"], ["LIMIT", 1]]
  ↳ app/controllers/application_controller.rb:5
  [1m[36mUser Load (0.3ms)[0m  [1m[34mSELECT  "users".* FROM "users" WHERE "users"."id" = $1 LIMIT $2[0m  [["id", 2], ["LIMIT", 1]]
  ↳ app/controllers/users_controller.rb:5
  Rendering users/show.html.erb within layouts/application
  Rendered users/show.html.erb within layouts/application (0.3ms)
  [1m[36mCACHE User Load (0.0ms)[0m  [1m[34mSELECT  "users".* FROM "users" WHERE "users"."session_token" = $1 LIMIT $2[0m  [["session_token", "Hy0C3Cl52bMhUirPiYVzbQ"], ["LIMIT", 1]]
  ↳ app/controllers/application_controller.rb:5
  [1m[36mCACHE User Load (0.0ms)[0m  [1m[34mSELECT  "users".* FROM "users" WHERE "users"."session_token" = $1 LIMIT $2[0m  [["session_token", "Hy0C3Cl52bMhUirPiYVzbQ"], ["LIMIT", 1]]
  ↳ app/controllers/application_controller.rb:5
Completed 200 OK in 38ms (Views: 35.3ms | ActiveRecord: 0.6ms)


Started GET "/users/2" for ::1 at 2019-11-26 16:41:11 -0800
Processing by UsersController#show as HTML
  Parameters: {"id"=>"2"}
  [1m[36mUser Load (0.3ms)[0m  [1m[34mSELECT  "users".* FROM "users" WHERE "users"."session_token" = $1 LIMIT $2[0m  [["session_token", "Hy0C3Cl52bMhUirPiYVzbQ"], ["LIMIT", 1]]
  ↳ app/controllers/application_controller.rb:5
  [1m[36mUser Load (0.2ms)[0m  [1m[34mSELECT  "users".* FROM "users" WHERE "users"."id" = $1 LIMIT $2[0m  [["id", 2], ["LIMIT", 1]]
  ↳ app/controllers/users_controller.rb:5
  Rendering users/show.html.erb within layouts/application
  Rendered users/show.html.erb within layouts/application (0.5ms)
  [1m[36mCACHE User Load (0.0ms)[0m  [1m[34mSELECT  "users".* FROM "users" WHERE "users"."session_token" = $1 LIMIT $2[0m  [["session_token", "Hy0C3Cl52bMhUirPiYVzbQ"], ["LIMIT", 1]]
  ↳ app/controllers/application_controller.rb:5
  [1m[36mCACHE User Load (0.0ms)[0m  [1m[34mSELECT  "users".* FROM "users" WHERE "users"."session_token" = $1 LIMIT $2[0m  [["session_token", "Hy0C3Cl52bMhUirPiYVzbQ"], ["LIMIT", 1]]
  ↳ app/controllers/application_controller.rb:5
Completed 200 OK in 28ms (Views: 26.4ms | ActiveRecord: 0.5ms)


Started GET "/users/2" for ::1 at 2019-11-26 16:41:25 -0800
Processing by UsersController#show as HTML
  Parameters: {"id"=>"2"}
  [1m[36mUser Load (0.3ms)[0m  [1m[34mSELECT  "users".* FROM "users" WHERE "users"."session_token" = $1 LIMIT $2[0m  [["session_token", "Hy0C3Cl52bMhUirPiYVzbQ"], ["LIMIT", 1]]
  ↳ app/controllers/application_controller.rb:5
  [1m[36mUser Load (0.2ms)[0m  [1m[34mSELECT  "users".* FROM "users" WHERE "users"."id" = $1 LIMIT $2[0m  [["id", 2], ["LIMIT", 1]]
  ↳ app/controllers/users_controller.rb:5
  Rendering users/show.html.erb within layouts/application
  Rendered users/show.html.erb within layouts/application (0.6ms)
  [1m[36mCACHE User Load (0.0ms)[0m  [1m[34mSELECT  "users".* FROM "users" WHERE "users"."session_token" = $1 LIMIT $2[0m  [["session_token", "Hy0C3Cl52bMhUirPiYVzbQ"], ["LIMIT", 1]]
  ↳ app/controllers/application_controller.rb:5
  [1m[36mCACHE User Load (0.1ms)[0m  [1m[34mSELECT  "users".* FROM "users" WHERE "users"."session_token" = $1 LIMIT $2[0m  [["session_token", "Hy0C3Cl52bMhUirPiYVzbQ"], ["LIMIT", 1]]
  ↳ app/controllers/application_controller.rb:5
Completed 200 OK in 36ms (Views: 33.4ms | ActiveRecord: 0.6ms)


Started DELETE "/session" for ::1 at 2019-11-26 16:41:27 -0800
Processing by SessionsController#destroy as HTML
  Parameters: {"authenticity_token"=>"puZr8nAinXZ0MMK+pUffikg9fbepT0Tai9BWV9XLmcbZJZ0CMdySWVqzbmR85HOU5MXjqMWk+ROOooiZ1O0FQg=="}
  [1m[36mUser Load (0.3ms)[0m  [1m[34mSELECT  "users".* FROM "users" WHERE "users"."session_token" = $1 LIMIT $2[0m  [["session_token", "Hy0C3Cl52bMhUirPiYVzbQ"], ["LIMIT", 1]]
  ↳ app/controllers/application_controller.rb:5
  [1m[35m (0.1ms)[0m  [1m[35mBEGIN[0m
  ↳ app/models/user.rb:46
  [1m[36mUser Exists (0.3ms)[0m  [1m[34mSELECT  1 AS one FROM "users" WHERE "users"."email" = $1 AND "users"."id" != $2 LIMIT $3[0m  [["email", "helenkei.cheung@gmail.com"], ["id", 2], ["LIMIT", 1]]
  ↳ app/models/user.rb:46
  [1m[36mUser Exists (0.3ms)[0m  [1m[34mSELECT  1 AS one FROM "users" WHERE "users"."session_token" = $1 AND "users"."id" != $2 LIMIT $3[0m  [["session_token", "L3H7FpA-3IEo-XFG-nweew"], ["id", 2], ["LIMIT", 1]]
  ↳ app/models/user.rb:46
  [1m[36mUser Update (0.3ms)[0m  [1m[33mUPDATE "users" SET "session_token" = $1, "updated_at" = $2 WHERE "users"."id" = $3[0m  [["session_token", "L3H7FpA-3IEo-XFG-nweew"], ["updated_at", "2019-11-27 00:41:27.459525"], ["id", 2]]
  ↳ app/models/user.rb:46
  [1m[35m (0.5ms)[0m  [1m[35mCOMMIT[0m
  ↳ app/models/user.rb:46
Redirected to http://localhost:3000/session/new
Completed 302 Found in 6ms (ActiveRecord: 1.7ms)


Started GET "/session/new" for ::1 at 2019-11-26 16:41:27 -0800
Processing by SessionsController#new as HTML
  Rendering sessions/new.html.erb within layouts/application
  Rendered sessions/new.html.erb within layouts/application (0.4ms)
  [1m[36mUser Load (0.8ms)[0m  [1m[34mSELECT  "users".* FROM "users" WHERE "users"."session_token" IS NULL LIMIT $1[0m  [["LIMIT", 1]]
  ↳ app/controllers/application_controller.rb:5
Completed 200 OK in 24ms (Views: 22.6ms | ActiveRecord: 0.8ms)


Started GET "/session/new" for ::1 at 2019-11-26 16:41:50 -0800
Processing by SessionsController#new as HTML
  Rendering sessions/new.html.erb within layouts/application
  Rendered sessions/new.html.erb within layouts/application (0.4ms)
  [1m[36mUser Load (0.3ms)[0m  [1m[34mSELECT  "users".* FROM "users" WHERE "users"."session_token" IS NULL LIMIT $1[0m  [["LIMIT", 1]]
  ↳ app/controllers/application_controller.rb:5
Completed 200 OK in 34ms (Views: 33.0ms | ActiveRecord: 0.3ms)


Started GET "/session/new" for ::1 at 2019-11-26 16:41:51 -0800
Processing by SessionsController#new as HTML
  Rendering sessions/new.html.erb within layouts/application
  Rendered sessions/new.html.erb within layouts/application (0.4ms)
  [1m[36mUser Load (0.3ms)[0m  [1m[34mSELECT  "users".* FROM "users" WHERE "users"."session_token" IS NULL LIMIT $1[0m  [["LIMIT", 1]]
  ↳ app/controllers/application_controller.rb:5
Completed 200 OK in 28ms (Views: 27.2ms | ActiveRecord: 0.3ms)


Started GET "/session/new" for ::1 at 2019-11-26 16:46:54 -0800
Processing by SessionsController#new as HTML
  Rendering sessions/new.html.erb within layouts/application
  Rendered sessions/new.html.erb within layouts/application (0.4ms)
  [1m[36mUser Load (0.2ms)[0m  [1m[34mSELECT  "users".* FROM "users" WHERE "users"."session_token" IS NULL LIMIT $1[0m  [["LIMIT", 1]]
  ↳ app/controllers/application_controller.rb:5
Completed 200 OK in 36ms (Views: 34.9ms | ActiveRecord: 0.2ms)


Started POST "/session" for ::1 at 2019-11-26 16:46:58 -0800
Processing by SessionsController#create as HTML
  Parameters: {"user"=>{"email"=>"helenkei.cheung@gmail.com", "password"=>"[FILTERED]"}, "authenticity_token"=>"WEZTE2M6khHRqetnC50hzaOnZ4dQXCaVD6do8SnsBfwnhaXjIsSdPv8qR73SPo3TD1/5mDy3m1wK1bY/KMqZeA=="}
  [1m[36mUser Load (0.4ms)[0m  [1m[34mSELECT  "users".* FROM "users" WHERE "users"."email" = $1 LIMIT $2[0m  [["email", "helenkei.cheung@gmail.com"], ["LIMIT", 1]]
  ↳ app/models/user.rb:30
  [1m[35m (0.3ms)[0m  [1m[35mBEGIN[0m
  ↳ app/models/user.rb:46
  [1m[36mUser Exists (0.4ms)[0m  [1m[34mSELECT  1 AS one FROM "users" WHERE "users"."email" = $1 AND "users"."id" != $2 LIMIT $3[0m  [["email", "helenkei.cheung@gmail.com"], ["id", 2], ["LIMIT", 1]]
  ↳ app/models/user.rb:46
  [1m[36mUser Exists (0.3ms)[0m  [1m[34mSELECT  1 AS one FROM "users" WHERE "users"."session_token" = $1 AND "users"."id" != $2 LIMIT $3[0m  [["session_token", "Fnz5Y4ZqTDNeoI2fcxIZww"], ["id", 2], ["LIMIT", 1]]
  ↳ app/models/user.rb:46
  [1m[36mUser Update (0.3ms)[0m  [1m[33mUPDATE "users" SET "session_token" = $1, "updated_at" = $2 WHERE "users"."id" = $3[0m  [["session_token", "Fnz5Y4ZqTDNeoI2fcxIZww"], ["updated_at", "2019-11-27 00:46:58.821364"], ["id", 2]]
  ↳ app/models/user.rb:46
  [1m[35m (0.5ms)[0m  [1m[35mCOMMIT[0m
  ↳ app/models/user.rb:46
Redirected to http://localhost:3000/users/2
Completed 302 Found in 214ms (ActiveRecord: 2.1ms)


Started GET "/users/2" for ::1 at 2019-11-26 16:46:58 -0800
Processing by UsersController#show as HTML
  Parameters: {"id"=>"2"}
  [1m[36mUser Load (0.2ms)[0m  [1m[34mSELECT  "users".* FROM "users" WHERE "users"."session_token" = $1 LIMIT $2[0m  [["session_token", "Fnz5Y4ZqTDNeoI2fcxIZww"], ["LIMIT", 1]]
  ↳ app/controllers/application_controller.rb:5
  [1m[36mUser Load (0.2ms)[0m  [1m[34mSELECT  "users".* FROM "users" WHERE "users"."id" = $1 LIMIT $2[0m  [["id", 2], ["LIMIT", 1]]
  ↳ app/controllers/users_controller.rb:5
  Rendering users/show.html.erb within layouts/application
  Rendered users/show.html.erb within layouts/application (0.3ms)
  [1m[36mCACHE User Load (0.0ms)[0m  [1m[34mSELECT  "users".* FROM "users" WHERE "users"."session_token" = $1 LIMIT $2[0m  [["session_token", "Fnz5Y4ZqTDNeoI2fcxIZww"], ["LIMIT", 1]]
  ↳ app/controllers/application_controller.rb:5
  [1m[36mCACHE User Load (0.0ms)[0m  [1m[34mSELECT  "users".* FROM "users" WHERE "users"."session_token" = $1 LIMIT $2[0m  [["session_token", "Fnz5Y4ZqTDNeoI2fcxIZww"], ["LIMIT", 1]]
  ↳ app/controllers/application_controller.rb:5
Completed 200 OK in 28ms (Views: 23.4ms | ActiveRecord: 0.4ms)


Started DELETE "/session" for ::1 at 2019-11-26 16:47:38 -0800
Processing by SessionsController#destroy as HTML
  Parameters: {"authenticity_token"=>"E/swzQ5t/zQ75IFcuj8JlZ1XBXPKbLbclhh+BiZ1dg1sOMY9T5PwGxVnLYZjnKWLMa+bbKaHCxWTaqDIJ1PqiQ=="}
  [1m[36mUser Load (0.3ms)[0m  [1m[34mSELECT  "users".* FROM "users" WHERE "users"."session_token" = $1 LIMIT $2[0m  [["session_token", "Fnz5Y4ZqTDNeoI2fcxIZww"], ["LIMIT", 1]]
  ↳ app/controllers/application_controller.rb:5
  [1m[35m (0.2ms)[0m  [1m[35mBEGIN[0m
  ↳ app/models/user.rb:46
  [1m[36mUser Exists (0.4ms)[0m  [1m[34mSELECT  1 AS one FROM "users" WHERE "users"."email" = $1 AND "users"."id" != $2 LIMIT $3[0m  [["email", "helenkei.cheung@gmail.com"], ["id", 2], ["LIMIT", 1]]
  ↳ app/models/user.rb:46
  [1m[36mUser Exists (0.4ms)[0m  [1m[34mSELECT  1 AS one FROM "users" WHERE "users"."session_token" = $1 AND "users"."id" != $2 LIMIT $3[0m  [["session_token", "vnYrRHS9SZ1IXflMTmMm8w"], ["id", 2], ["LIMIT", 1]]
  ↳ app/models/user.rb:46
  [1m[36mUser Update (0.4ms)[0m  [1m[33mUPDATE "users" SET "session_token" = $1, "updated_at" = $2 WHERE "users"."id" = $3[0m  [["session_token", "vnYrRHS9SZ1IXflMTmMm8w"], ["updated_at", "2019-11-27 00:47:38.170780"], ["id", 2]]
  ↳ app/models/user.rb:46
  [1m[35m (0.5ms)[0m  [1m[35mCOMMIT[0m
  ↳ app/models/user.rb:46
Redirected to http://localhost:3000/session/new
Completed 302 Found in 7ms (ActiveRecord: 2.2ms)


Started GET "/session/new" for ::1 at 2019-11-26 16:47:38 -0800
Processing by SessionsController#new as HTML
  Rendering sessions/new.html.erb within layouts/application
  Rendered sessions/new.html.erb within layouts/application (0.4ms)
  [1m[36mUser Load (0.3ms)[0m  [1m[34mSELECT  "users".* FROM "users" WHERE "users"."session_token" IS NULL LIMIT $1[0m  [["LIMIT", 1]]
  ↳ app/controllers/application_controller.rb:5
Completed 200 OK in 29ms (Views: 28.1ms | ActiveRecord: 0.3ms)


